<?xml version="1.0" encoding="UTF-8"?>
<testng-results skipped="0" failed="0" ignored="70" total="95" passed="25">
  <reporter-output>
  </reporter-output>
  <suite name="Suite" duration-ms="12239856" started-at="2020-12-10T12:04:54Z" finished-at="2020-12-10T15:28:54Z">
    <groups>
      <group name="Ratikanta_Sprint1_REQ_572">
        <method signature="QCStore.QC_Sprint_B20_178_1_Txn_Testdata()[pri:31, instance:tests.QCStore@5f9d02cb]" name="QC_Sprint_B20_178_1_Txn_Testdata" class="tests.QCStore"/>
        <method signature="QCStore.QC_Sprint_B20_178_2_Txn_Testdata()[pri:32, instance:tests.QCStore@5f9d02cb]" name="QC_Sprint_B20_178_2_Txn_Testdata" class="tests.QCStore"/>
        <method signature="QCStore.QC_Sprint_B20_178_3_Txn_Testdata()[pri:33, instance:tests.QCStore@5f9d02cb]" name="QC_Sprint_B20_178_3_Txn_Testdata" class="tests.QCStore"/>
        <method signature="QCStore.QC_Sprint_B20_178_5_Txn_Testdata()[pri:34, instance:tests.QCStore@5f9d02cb]" name="QC_Sprint_B20_178_5_Txn_Testdata" class="tests.QCStore"/>
        <method signature="QCStore.QC_Sprint_B20_179_1_Txn_Testdata()[pri:36, instance:tests.QCStore@5f9d02cb]" name="QC_Sprint_B20_179_1_Txn_Testdata" class="tests.QCStore"/>
        <method signature="QCStore.QC_Sprint_B20_179_2_Txn_Testdata()[pri:37, instance:tests.QCStore@5f9d02cb]" name="QC_Sprint_B20_179_2_Txn_Testdata" class="tests.QCStore"/>
        <method signature="QCStore.QC_Sprint_B20_179_6_Txn_Testdata()[pri:39, instance:tests.QCStore@5f9d02cb]" name="QC_Sprint_B20_179_6_Txn_Testdata" class="tests.QCStore"/>
        <method signature="QCStore.QC_Sprint_B20_180_1_Txn_Testdata()[pri:40, instance:tests.QCStore@5f9d02cb]" name="QC_Sprint_B20_180_1_Txn_Testdata" class="tests.QCStore"/>
        <method signature="QCStore.QC_Sprint_B20_180_2_Txn_Testdata()[pri:41, instance:tests.QCStore@5f9d02cb]" name="QC_Sprint_B20_180_2_Txn_Testdata" class="tests.QCStore"/>
        <method signature="QCStore.QC_Sprint_B20_180_3_Txn_Testdata()[pri:42, instance:tests.QCStore@5f9d02cb]" name="QC_Sprint_B20_180_3_Txn_Testdata" class="tests.QCStore"/>
        <method signature="QCStore.QC_Sprint_B20_180_6_Txn_Testdata()[pri:43, instance:tests.QCStore@5f9d02cb]" name="QC_Sprint_B20_180_6_Txn_Testdata" class="tests.QCStore"/>
        <method signature="QCStore.QC_Sprint_B20_181_1_Txn_Testdata()[pri:44, instance:tests.QCStore@5f9d02cb]" name="QC_Sprint_B20_181_1_Txn_Testdata" class="tests.QCStore"/>
        <method signature="QCStore.QC_Sprint_B20_181_2_Txn_Testdata()[pri:45, instance:tests.QCStore@5f9d02cb]" name="QC_Sprint_B20_181_2_Txn_Testdata" class="tests.QCStore"/>
        <method signature="QCStore.QC_Sprint_B20_181_3_Txn_Testdata()[pri:46, instance:tests.QCStore@5f9d02cb]" name="QC_Sprint_B20_181_3_Txn_Testdata" class="tests.QCStore"/>
        <method signature="QCStore.QC_Sprint_B20_181_7_Txn_Testdata()[pri:47, instance:tests.QCStore@5f9d02cb]" name="QC_Sprint_B20_181_7_Txn_Testdata" class="tests.QCStore"/>
        <method signature="QCStore.QC_Sprint_B20_182_1_Txn_Testdata()[pri:48, instance:tests.QCStore@5f9d02cb]" name="QC_Sprint_B20_182_1_Txn_Testdata" class="tests.QCStore"/>
        <method signature="QCStore.QC_Sprint_B20_182_2_Txn_Testdata()[pri:49, instance:tests.QCStore@5f9d02cb]" name="QC_Sprint_B20_182_2_Txn_Testdata" class="tests.QCStore"/>
        <method signature="QCStore.QC_Sprint_B20_182_6_Txn_Testdata()[pri:51, instance:tests.QCStore@5f9d02cb]" name="QC_Sprint_B20_182_6_Txn_Testdata" class="tests.QCStore"/>
        <method signature="QCStore.QC_Sprint_B20_183_1_Txn_Testdata()[pri:52, instance:tests.QCStore@5f9d02cb]" name="QC_Sprint_B20_183_1_Txn_Testdata" class="tests.QCStore"/>
        <method signature="QCStore.QC_Sprint_B20_183_2_Txn_Testdata()[pri:53, instance:tests.QCStore@5f9d02cb]" name="QC_Sprint_B20_183_2_Txn_Testdata" class="tests.QCStore"/>
        <method signature="QCStore.QC_Sprint_B20_183_6_Txn_Testdata()[pri:55, instance:tests.QCStore@5f9d02cb]" name="QC_Sprint_B20_183_6_Txn_Testdata" class="tests.QCStore"/>
        <method signature="QCStore.QC_Sprint_B20_184_1_Txn_Testdata()[pri:56, instance:tests.QCStore@5f9d02cb]" name="QC_Sprint_B20_184_1_Txn_Testdata" class="tests.QCStore"/>
        <method signature="QCStore.QC_Sprint_B20_184_2_Txn_Testdata()[pri:57, instance:tests.QCStore@5f9d02cb]" name="QC_Sprint_B20_184_2_Txn_Testdata" class="tests.QCStore"/>
        <method signature="QCStore.QC_Sprint_B20_184_4_Txn_Testdata()[pri:58, instance:tests.QCStore@5f9d02cb]" name="QC_Sprint_B20_184_4_Txn_Testdata" class="tests.QCStore"/>
        <method signature="QCStore.QC_Sprint_B20_184_5_Txn_Testdata()[pri:59, instance:tests.QCStore@5f9d02cb]" name="QC_Sprint_B20_184_5_Txn_Testdata" class="tests.QCStore"/>
      </group> <!-- Ratikanta_Sprint1_REQ_572 -->
    </groups>
    <test name="Test" duration-ms="12239856" started-at="2020-12-10T12:04:54Z" finished-at="2020-12-10T15:28:54Z">
      <class name="tests.QCStore">
        <test-method status="PASS" signature="setup()[pri:0, instance:tests.QCStore@5f9d02cb]" name="setup" is-config="true" duration-ms="82" started-at="2020-12-10T12:04:54Z" finished-at="2020-12-10T12:04:54Z">
          <reporter-output>
          </reporter-output>
        </test-method> <!-- setup -->
        <test-method status="PASS" signature="killProcess()[pri:0, instance:tests.QCStore@5f9d02cb]" name="killProcess" is-config="true" duration-ms="5009" started-at="2020-12-10T12:04:54Z" finished-at="2020-12-10T12:04:59Z">
          <reporter-output>
          </reporter-output>
        </test-method> <!-- killProcess -->
        <test-method status="PASS" signature="QC_Sprint_B20_178_1_Txn_Testdata()[pri:31, instance:tests.QCStore@5f9d02cb]" name="QC_Sprint_B20_178_1_Txn_Testdata" duration-ms="506911" started-at="2020-12-10T12:04:59Z" finished-at="2020-12-10T12:13:26Z">
          <reporter-output>
          </reporter-output>
        </test-method> <!-- QC_Sprint_B20_178_1_Txn_Testdata -->
        <test-method status="PASS" signature="getResult(org.testng.ITestResult)[pri:0, instance:tests.QCStore@5f9d02cb]" name="getResult" is-config="true" duration-ms="771" started-at="2020-12-10T12:13:26Z" finished-at="2020-12-10T12:13:27Z">
          <params>
            <param index="0">
              <value>
                <![CDATA[[TestResult name=QC_Sprint_B20_178_1_Txn_Testdata status=SUCCESS method=QCStore.QC_Sprint_B20_178_1_Txn_Testdata()[pri:31, instance:tests.QCStore@5f9d02cb] output={null}]]]>
              </value>
            </param>
          </params>
          <reporter-output>
          </reporter-output>
        </test-method> <!-- getResult -->
        <test-method status="PASS" signature="endReport()[pri:0, instance:tests.QCStore@5f9d02cb]" name="endReport" is-config="true" duration-ms="0" started-at="2020-12-10T12:13:26Z" finished-at="2020-12-10T12:13:26Z">
          <reporter-output>
          </reporter-output>
        </test-method> <!-- endReport -->
        <test-method status="PASS" signature="killProcess()[pri:0, instance:tests.QCStore@5f9d02cb]" name="killProcess" is-config="true" duration-ms="5015" started-at="2020-12-10T12:13:27Z" finished-at="2020-12-10T12:13:32Z">
          <reporter-output>
          </reporter-output>
        </test-method> <!-- killProcess -->
        <test-method status="PASS" signature="QC_Sprint_B20_178_2_Txn_Testdata()[pri:32, instance:tests.QCStore@5f9d02cb]" name="QC_Sprint_B20_178_2_Txn_Testdata" duration-ms="445519" started-at="2020-12-10T12:13:32Z" finished-at="2020-12-10T12:20:58Z">
          <reporter-output>
          </reporter-output>
        </test-method> <!-- QC_Sprint_B20_178_2_Txn_Testdata -->
        <test-method status="PASS" signature="getResult(org.testng.ITestResult)[pri:0, instance:tests.QCStore@5f9d02cb]" name="getResult" is-config="true" duration-ms="590" started-at="2020-12-10T12:20:58Z" finished-at="2020-12-10T12:20:58Z">
          <params>
            <param index="0">
              <value>
                <![CDATA[[TestResult name=QC_Sprint_B20_178_2_Txn_Testdata status=SUCCESS method=QCStore.QC_Sprint_B20_178_2_Txn_Testdata()[pri:32, instance:tests.QCStore@5f9d02cb] output={null}]]]>
              </value>
            </param>
          </params>
          <reporter-output>
          </reporter-output>
        </test-method> <!-- getResult -->
        <test-method status="PASS" signature="endReport()[pri:0, instance:tests.QCStore@5f9d02cb]" name="endReport" is-config="true" duration-ms="0" started-at="2020-12-10T12:20:58Z" finished-at="2020-12-10T12:20:58Z">
          <reporter-output>
          </reporter-output>
        </test-method> <!-- endReport -->
        <test-method status="PASS" signature="killProcess()[pri:0, instance:tests.QCStore@5f9d02cb]" name="killProcess" is-config="true" duration-ms="5017" started-at="2020-12-10T12:20:58Z" finished-at="2020-12-10T12:21:03Z">
          <reporter-output>
          </reporter-output>
        </test-method> <!-- killProcess -->
        <test-method status="PASS" signature="QC_Sprint_B20_178_3_Txn_Testdata()[pri:33, instance:tests.QCStore@5f9d02cb]" name="QC_Sprint_B20_178_3_Txn_Testdata" duration-ms="404543" started-at="2020-12-10T12:21:03Z" finished-at="2020-12-10T12:27:48Z">
          <reporter-output>
          </reporter-output>
        </test-method> <!-- QC_Sprint_B20_178_3_Txn_Testdata -->
        <test-method status="PASS" signature="endReport()[pri:0, instance:tests.QCStore@5f9d02cb]" name="endReport" is-config="true" duration-ms="0" started-at="2020-12-10T12:27:48Z" finished-at="2020-12-10T12:27:48Z">
          <reporter-output>
          </reporter-output>
        </test-method> <!-- endReport -->
        <test-method status="PASS" signature="getResult(org.testng.ITestResult)[pri:0, instance:tests.QCStore@5f9d02cb]" name="getResult" is-config="true" duration-ms="577" started-at="2020-12-10T12:27:48Z" finished-at="2020-12-10T12:27:48Z">
          <params>
            <param index="0">
              <value>
                <![CDATA[[TestResult name=QC_Sprint_B20_178_3_Txn_Testdata status=SUCCESS method=QCStore.QC_Sprint_B20_178_3_Txn_Testdata()[pri:33, instance:tests.QCStore@5f9d02cb] output={null}]]]>
              </value>
            </param>
          </params>
          <reporter-output>
          </reporter-output>
        </test-method> <!-- getResult -->
        <test-method status="PASS" signature="killProcess()[pri:0, instance:tests.QCStore@5f9d02cb]" name="killProcess" is-config="true" duration-ms="5010" started-at="2020-12-10T12:27:48Z" finished-at="2020-12-10T12:27:53Z">
          <reporter-output>
          </reporter-output>
        </test-method> <!-- killProcess -->
        <test-method status="PASS" signature="QC_Sprint_B20_178_5_Txn_Testdata()[pri:34, instance:tests.QCStore@5f9d02cb]" name="QC_Sprint_B20_178_5_Txn_Testdata" duration-ms="330939" started-at="2020-12-10T12:27:53Z" finished-at="2020-12-10T12:33:24Z">
          <reporter-output>
          </reporter-output>
        </test-method> <!-- QC_Sprint_B20_178_5_Txn_Testdata -->
        <test-method status="PASS" signature="getResult(org.testng.ITestResult)[pri:0, instance:tests.QCStore@5f9d02cb]" name="getResult" is-config="true" duration-ms="562" started-at="2020-12-10T12:33:24Z" finished-at="2020-12-10T12:33:25Z">
          <params>
            <param index="0">
              <value>
                <![CDATA[[TestResult name=QC_Sprint_B20_178_5_Txn_Testdata status=SUCCESS method=QCStore.QC_Sprint_B20_178_5_Txn_Testdata()[pri:34, instance:tests.QCStore@5f9d02cb] output={null}]]]>
              </value>
            </param>
          </params>
          <reporter-output>
          </reporter-output>
        </test-method> <!-- getResult -->
        <test-method status="PASS" signature="endReport()[pri:0, instance:tests.QCStore@5f9d02cb]" name="endReport" is-config="true" duration-ms="0" started-at="2020-12-10T12:33:24Z" finished-at="2020-12-10T12:33:24Z">
          <reporter-output>
          </reporter-output>
        </test-method> <!-- endReport -->
        <test-method status="PASS" signature="killProcess()[pri:0, instance:tests.QCStore@5f9d02cb]" name="killProcess" is-config="true" duration-ms="5012" started-at="2020-12-10T12:33:25Z" finished-at="2020-12-10T12:33:30Z">
          <reporter-output>
          </reporter-output>
        </test-method> <!-- killProcess -->
        <test-method status="PASS" signature="QC_Sprint_B20_179_1_Txn_Testdata()[pri:36, instance:tests.QCStore@5f9d02cb]" name="QC_Sprint_B20_179_1_Txn_Testdata" duration-ms="634006" started-at="2020-12-10T12:33:30Z" finished-at="2020-12-10T12:44:04Z">
          <reporter-output>
          </reporter-output>
        </test-method> <!-- QC_Sprint_B20_179_1_Txn_Testdata -->
        <test-method status="PASS" signature="endReport()[pri:0, instance:tests.QCStore@5f9d02cb]" name="endReport" is-config="true" duration-ms="0" started-at="2020-12-10T12:44:04Z" finished-at="2020-12-10T12:44:04Z">
          <reporter-output>
          </reporter-output>
        </test-method> <!-- endReport -->
        <test-method status="PASS" signature="getResult(org.testng.ITestResult)[pri:0, instance:tests.QCStore@5f9d02cb]" name="getResult" is-config="true" duration-ms="559" started-at="2020-12-10T12:44:04Z" finished-at="2020-12-10T12:44:05Z">
          <params>
            <param index="0">
              <value>
                <![CDATA[[TestResult name=QC_Sprint_B20_179_1_Txn_Testdata status=SUCCESS method=QCStore.QC_Sprint_B20_179_1_Txn_Testdata()[pri:36, instance:tests.QCStore@5f9d02cb] output={null}]]]>
              </value>
            </param>
          </params>
          <reporter-output>
          </reporter-output>
        </test-method> <!-- getResult -->
        <test-method status="PASS" signature="killProcess()[pri:0, instance:tests.QCStore@5f9d02cb]" name="killProcess" is-config="true" duration-ms="5009" started-at="2020-12-10T12:44:05Z" finished-at="2020-12-10T12:44:10Z">
          <reporter-output>
          </reporter-output>
        </test-method> <!-- killProcess -->
        <test-method status="PASS" signature="QC_Sprint_B20_179_2_Txn_Testdata()[pri:37, instance:tests.QCStore@5f9d02cb]" name="QC_Sprint_B20_179_2_Txn_Testdata" duration-ms="461258" started-at="2020-12-10T12:44:10Z" finished-at="2020-12-10T12:51:51Z">
          <reporter-output>
          </reporter-output>
        </test-method> <!-- QC_Sprint_B20_179_2_Txn_Testdata -->
        <test-method status="PASS" signature="endReport()[pri:0, instance:tests.QCStore@5f9d02cb]" name="endReport" is-config="true" duration-ms="0" started-at="2020-12-10T12:51:51Z" finished-at="2020-12-10T12:51:51Z">
          <reporter-output>
          </reporter-output>
        </test-method> <!-- endReport -->
        <test-method status="PASS" signature="getResult(org.testng.ITestResult)[pri:0, instance:tests.QCStore@5f9d02cb]" name="getResult" is-config="true" duration-ms="558" started-at="2020-12-10T12:51:51Z" finished-at="2020-12-10T12:51:51Z">
          <params>
            <param index="0">
              <value>
                <![CDATA[[TestResult name=QC_Sprint_B20_179_2_Txn_Testdata status=SUCCESS method=QCStore.QC_Sprint_B20_179_2_Txn_Testdata()[pri:37, instance:tests.QCStore@5f9d02cb] output={null}]]]>
              </value>
            </param>
          </params>
          <reporter-output>
          </reporter-output>
        </test-method> <!-- getResult -->
        <test-method status="PASS" signature="killProcess()[pri:0, instance:tests.QCStore@5f9d02cb]" name="killProcess" is-config="true" duration-ms="5010" started-at="2020-12-10T12:51:51Z" finished-at="2020-12-10T12:51:56Z">
          <reporter-output>
          </reporter-output>
        </test-method> <!-- killProcess -->
        <test-method status="PASS" signature="QC_Sprint_B20_179_6_Txn_Testdata()[pri:39, instance:tests.QCStore@5f9d02cb]" name="QC_Sprint_B20_179_6_Txn_Testdata" duration-ms="477204" started-at="2020-12-10T12:51:56Z" finished-at="2020-12-10T12:59:54Z">
          <reporter-output>
          </reporter-output>
        </test-method> <!-- QC_Sprint_B20_179_6_Txn_Testdata -->
        <test-method status="PASS" signature="endReport()[pri:0, instance:tests.QCStore@5f9d02cb]" name="endReport" is-config="true" duration-ms="0" started-at="2020-12-10T12:59:54Z" finished-at="2020-12-10T12:59:54Z">
          <reporter-output>
          </reporter-output>
        </test-method> <!-- endReport -->
        <test-method status="PASS" signature="getResult(org.testng.ITestResult)[pri:0, instance:tests.QCStore@5f9d02cb]" name="getResult" is-config="true" duration-ms="575" started-at="2020-12-10T12:59:54Z" finished-at="2020-12-10T12:59:54Z">
          <params>
            <param index="0">
              <value>
                <![CDATA[[TestResult name=QC_Sprint_B20_179_6_Txn_Testdata status=SUCCESS method=QCStore.QC_Sprint_B20_179_6_Txn_Testdata()[pri:39, instance:tests.QCStore@5f9d02cb] output={null}]]]>
              </value>
            </param>
          </params>
          <reporter-output>
          </reporter-output>
        </test-method> <!-- getResult -->
        <test-method status="PASS" signature="killProcess()[pri:0, instance:tests.QCStore@5f9d02cb]" name="killProcess" is-config="true" duration-ms="5021" started-at="2020-12-10T12:59:54Z" finished-at="2020-12-10T12:59:59Z">
          <reporter-output>
          </reporter-output>
        </test-method> <!-- killProcess -->
        <test-method status="PASS" signature="QC_Sprint_B20_180_1_Txn_Testdata()[pri:40, instance:tests.QCStore@5f9d02cb]" name="QC_Sprint_B20_180_1_Txn_Testdata" duration-ms="614265" started-at="2020-12-10T12:59:59Z" finished-at="2020-12-10T13:10:13Z">
          <reporter-output>
          </reporter-output>
        </test-method> <!-- QC_Sprint_B20_180_1_Txn_Testdata -->
        <test-method status="PASS" signature="getResult(org.testng.ITestResult)[pri:0, instance:tests.QCStore@5f9d02cb]" name="getResult" is-config="true" duration-ms="562" started-at="2020-12-10T13:10:13Z" finished-at="2020-12-10T13:10:14Z">
          <params>
            <param index="0">
              <value>
                <![CDATA[[TestResult name=QC_Sprint_B20_180_1_Txn_Testdata status=SUCCESS method=QCStore.QC_Sprint_B20_180_1_Txn_Testdata()[pri:40, instance:tests.QCStore@5f9d02cb] output={null}]]]>
              </value>
            </param>
          </params>
          <reporter-output>
          </reporter-output>
        </test-method> <!-- getResult -->
        <test-method status="PASS" signature="endReport()[pri:0, instance:tests.QCStore@5f9d02cb]" name="endReport" is-config="true" duration-ms="0" started-at="2020-12-10T13:10:13Z" finished-at="2020-12-10T13:10:13Z">
          <reporter-output>
          </reporter-output>
        </test-method> <!-- endReport -->
        <test-method status="PASS" signature="killProcess()[pri:0, instance:tests.QCStore@5f9d02cb]" name="killProcess" is-config="true" duration-ms="5015" started-at="2020-12-10T13:10:14Z" finished-at="2020-12-10T13:10:19Z">
          <reporter-output>
          </reporter-output>
        </test-method> <!-- killProcess -->
        <test-method status="PASS" signature="QC_Sprint_B20_180_2_Txn_Testdata()[pri:41, instance:tests.QCStore@5f9d02cb]" name="QC_Sprint_B20_180_2_Txn_Testdata" duration-ms="575381" started-at="2020-12-10T13:10:19Z" finished-at="2020-12-10T13:19:54Z">
          <reporter-output>
          </reporter-output>
        </test-method> <!-- QC_Sprint_B20_180_2_Txn_Testdata -->
        <test-method status="PASS" signature="endReport()[pri:0, instance:tests.QCStore@5f9d02cb]" name="endReport" is-config="true" duration-ms="0" started-at="2020-12-10T13:19:54Z" finished-at="2020-12-10T13:19:54Z">
          <reporter-output>
          </reporter-output>
        </test-method> <!-- endReport -->
        <test-method status="PASS" signature="getResult(org.testng.ITestResult)[pri:0, instance:tests.QCStore@5f9d02cb]" name="getResult" is-config="true" duration-ms="547" started-at="2020-12-10T13:19:54Z" finished-at="2020-12-10T13:19:55Z">
          <params>
            <param index="0">
              <value>
                <![CDATA[[TestResult name=QC_Sprint_B20_180_2_Txn_Testdata status=SUCCESS method=QCStore.QC_Sprint_B20_180_2_Txn_Testdata()[pri:41, instance:tests.QCStore@5f9d02cb] output={null}]]]>
              </value>
            </param>
          </params>
          <reporter-output>
          </reporter-output>
        </test-method> <!-- getResult -->
        <test-method status="PASS" signature="killProcess()[pri:0, instance:tests.QCStore@5f9d02cb]" name="killProcess" is-config="true" duration-ms="5015" started-at="2020-12-10T13:19:55Z" finished-at="2020-12-10T13:20:00Z">
          <reporter-output>
          </reporter-output>
        </test-method> <!-- killProcess -->
        <test-method status="PASS" signature="QC_Sprint_B20_180_3_Txn_Testdata()[pri:42, instance:tests.QCStore@5f9d02cb]" name="QC_Sprint_B20_180_3_Txn_Testdata" duration-ms="488430" started-at="2020-12-10T13:20:00Z" finished-at="2020-12-10T13:28:08Z">
          <reporter-output>
          </reporter-output>
        </test-method> <!-- QC_Sprint_B20_180_3_Txn_Testdata -->
        <test-method status="PASS" signature="endReport()[pri:0, instance:tests.QCStore@5f9d02cb]" name="endReport" is-config="true" duration-ms="1" started-at="2020-12-10T13:28:08Z" finished-at="2020-12-10T13:28:08Z">
          <reporter-output>
          </reporter-output>
        </test-method> <!-- endReport -->
        <test-method status="PASS" signature="getResult(org.testng.ITestResult)[pri:0, instance:tests.QCStore@5f9d02cb]" name="getResult" is-config="true" duration-ms="559" started-at="2020-12-10T13:28:08Z" finished-at="2020-12-10T13:28:09Z">
          <params>
            <param index="0">
              <value>
                <![CDATA[[TestResult name=QC_Sprint_B20_180_3_Txn_Testdata status=SUCCESS method=QCStore.QC_Sprint_B20_180_3_Txn_Testdata()[pri:42, instance:tests.QCStore@5f9d02cb] output={null}]]]>
              </value>
            </param>
          </params>
          <reporter-output>
          </reporter-output>
        </test-method> <!-- getResult -->
        <test-method status="PASS" signature="killProcess()[pri:0, instance:tests.QCStore@5f9d02cb]" name="killProcess" is-config="true" duration-ms="5014" started-at="2020-12-10T13:28:09Z" finished-at="2020-12-10T13:28:14Z">
          <reporter-output>
          </reporter-output>
        </test-method> <!-- killProcess -->
        <test-method status="PASS" signature="QC_Sprint_B20_180_6_Txn_Testdata()[pri:43, instance:tests.QCStore@5f9d02cb]" name="QC_Sprint_B20_180_6_Txn_Testdata" duration-ms="500681" started-at="2020-12-10T13:28:14Z" finished-at="2020-12-10T13:36:35Z">
          <reporter-output>
          </reporter-output>
        </test-method> <!-- QC_Sprint_B20_180_6_Txn_Testdata -->
        <test-method status="PASS" signature="endReport()[pri:0, instance:tests.QCStore@5f9d02cb]" name="endReport" is-config="true" duration-ms="0" started-at="2020-12-10T13:36:35Z" finished-at="2020-12-10T13:36:35Z">
          <reporter-output>
          </reporter-output>
        </test-method> <!-- endReport -->
        <test-method status="PASS" signature="getResult(org.testng.ITestResult)[pri:0, instance:tests.QCStore@5f9d02cb]" name="getResult" is-config="true" duration-ms="571" started-at="2020-12-10T13:36:35Z" finished-at="2020-12-10T13:36:35Z">
          <params>
            <param index="0">
              <value>
                <![CDATA[[TestResult name=QC_Sprint_B20_180_6_Txn_Testdata status=SUCCESS method=QCStore.QC_Sprint_B20_180_6_Txn_Testdata()[pri:43, instance:tests.QCStore@5f9d02cb] output={null}]]]>
              </value>
            </param>
          </params>
          <reporter-output>
          </reporter-output>
        </test-method> <!-- getResult -->
        <test-method status="PASS" signature="killProcess()[pri:0, instance:tests.QCStore@5f9d02cb]" name="killProcess" is-config="true" duration-ms="5028" started-at="2020-12-10T13:36:35Z" finished-at="2020-12-10T13:36:40Z">
          <reporter-output>
          </reporter-output>
        </test-method> <!-- killProcess -->
        <test-method status="PASS" signature="QC_Sprint_B20_181_1_Txn_Testdata()[pri:44, instance:tests.QCStore@5f9d02cb]" name="QC_Sprint_B20_181_1_Txn_Testdata" duration-ms="496161" started-at="2020-12-10T13:36:40Z" finished-at="2020-12-10T13:44:56Z">
          <reporter-output>
          </reporter-output>
        </test-method> <!-- QC_Sprint_B20_181_1_Txn_Testdata -->
        <test-method status="PASS" signature="endReport()[pri:0, instance:tests.QCStore@5f9d02cb]" name="endReport" is-config="true" duration-ms="1" started-at="2020-12-10T13:44:56Z" finished-at="2020-12-10T13:44:56Z">
          <reporter-output>
          </reporter-output>
        </test-method> <!-- endReport -->
        <test-method status="PASS" signature="getResult(org.testng.ITestResult)[pri:0, instance:tests.QCStore@5f9d02cb]" name="getResult" is-config="true" duration-ms="572" started-at="2020-12-10T13:44:56Z" finished-at="2020-12-10T13:44:57Z">
          <params>
            <param index="0">
              <value>
                <![CDATA[[TestResult name=QC_Sprint_B20_181_1_Txn_Testdata status=SUCCESS method=QCStore.QC_Sprint_B20_181_1_Txn_Testdata()[pri:44, instance:tests.QCStore@5f9d02cb] output={null}]]]>
              </value>
            </param>
          </params>
          <reporter-output>
          </reporter-output>
        </test-method> <!-- getResult -->
        <test-method status="PASS" signature="killProcess()[pri:0, instance:tests.QCStore@5f9d02cb]" name="killProcess" is-config="true" duration-ms="5012" started-at="2020-12-10T13:44:57Z" finished-at="2020-12-10T13:45:02Z">
          <reporter-output>
          </reporter-output>
        </test-method> <!-- killProcess -->
        <test-method status="PASS" signature="QC_Sprint_B20_181_2_Txn_Testdata()[pri:45, instance:tests.QCStore@5f9d02cb]" name="QC_Sprint_B20_181_2_Txn_Testdata" duration-ms="623572" started-at="2020-12-10T13:45:02Z" finished-at="2020-12-10T13:55:26Z">
          <reporter-output>
          </reporter-output>
        </test-method> <!-- QC_Sprint_B20_181_2_Txn_Testdata -->
        <test-method status="PASS" signature="endReport()[pri:0, instance:tests.QCStore@5f9d02cb]" name="endReport" is-config="true" duration-ms="0" started-at="2020-12-10T13:55:26Z" finished-at="2020-12-10T13:55:26Z">
          <reporter-output>
          </reporter-output>
        </test-method> <!-- endReport -->
        <test-method status="PASS" signature="getResult(org.testng.ITestResult)[pri:0, instance:tests.QCStore@5f9d02cb]" name="getResult" is-config="true" duration-ms="572" started-at="2020-12-10T13:55:26Z" finished-at="2020-12-10T13:55:26Z">
          <params>
            <param index="0">
              <value>
                <![CDATA[[TestResult name=QC_Sprint_B20_181_2_Txn_Testdata status=SUCCESS method=QCStore.QC_Sprint_B20_181_2_Txn_Testdata()[pri:45, instance:tests.QCStore@5f9d02cb] output={null}]]]>
              </value>
            </param>
          </params>
          <reporter-output>
          </reporter-output>
        </test-method> <!-- getResult -->
        <test-method status="PASS" signature="killProcess()[pri:0, instance:tests.QCStore@5f9d02cb]" name="killProcess" is-config="true" duration-ms="5010" started-at="2020-12-10T13:55:26Z" finished-at="2020-12-10T13:55:31Z">
          <reporter-output>
          </reporter-output>
        </test-method> <!-- killProcess -->
        <test-method status="PASS" signature="QC_Sprint_B20_181_3_Txn_Testdata()[pri:46, instance:tests.QCStore@5f9d02cb]" name="QC_Sprint_B20_181_3_Txn_Testdata" duration-ms="408591" started-at="2020-12-10T13:55:31Z" finished-at="2020-12-10T14:02:20Z">
          <reporter-output>
          </reporter-output>
        </test-method> <!-- QC_Sprint_B20_181_3_Txn_Testdata -->
        <test-method status="PASS" signature="getResult(org.testng.ITestResult)[pri:0, instance:tests.QCStore@5f9d02cb]" name="getResult" is-config="true" duration-ms="630" started-at="2020-12-10T14:02:20Z" finished-at="2020-12-10T14:02:20Z">
          <params>
            <param index="0">
              <value>
                <![CDATA[[TestResult name=QC_Sprint_B20_181_3_Txn_Testdata status=SUCCESS method=QCStore.QC_Sprint_B20_181_3_Txn_Testdata()[pri:46, instance:tests.QCStore@5f9d02cb] output={null}]]]>
              </value>
            </param>
          </params>
          <reporter-output>
          </reporter-output>
        </test-method> <!-- getResult -->
        <test-method status="PASS" signature="endReport()[pri:0, instance:tests.QCStore@5f9d02cb]" name="endReport" is-config="true" duration-ms="0" started-at="2020-12-10T14:02:20Z" finished-at="2020-12-10T14:02:20Z">
          <reporter-output>
          </reporter-output>
        </test-method> <!-- endReport -->
        <test-method status="PASS" signature="killProcess()[pri:0, instance:tests.QCStore@5f9d02cb]" name="killProcess" is-config="true" duration-ms="5028" started-at="2020-12-10T14:02:20Z" finished-at="2020-12-10T14:02:25Z">
          <reporter-output>
          </reporter-output>
        </test-method> <!-- killProcess -->
        <test-method status="PASS" signature="QC_Sprint_B20_181_7_Txn_Testdata()[pri:47, instance:tests.QCStore@5f9d02cb]" name="QC_Sprint_B20_181_7_Txn_Testdata" duration-ms="535716" started-at="2020-12-10T14:02:25Z" finished-at="2020-12-10T14:11:21Z">
          <reporter-output>
          </reporter-output>
        </test-method> <!-- QC_Sprint_B20_181_7_Txn_Testdata -->
        <test-method status="PASS" signature="getResult(org.testng.ITestResult)[pri:0, instance:tests.QCStore@5f9d02cb]" name="getResult" is-config="true" duration-ms="576" started-at="2020-12-10T14:11:21Z" finished-at="2020-12-10T14:11:22Z">
          <params>
            <param index="0">
              <value>
                <![CDATA[[TestResult name=QC_Sprint_B20_181_7_Txn_Testdata status=SUCCESS method=QCStore.QC_Sprint_B20_181_7_Txn_Testdata()[pri:47, instance:tests.QCStore@5f9d02cb] output={null}]]]>
              </value>
            </param>
          </params>
          <reporter-output>
          </reporter-output>
        </test-method> <!-- getResult -->
        <test-method status="PASS" signature="endReport()[pri:0, instance:tests.QCStore@5f9d02cb]" name="endReport" is-config="true" duration-ms="0" started-at="2020-12-10T14:11:21Z" finished-at="2020-12-10T14:11:21Z">
          <reporter-output>
          </reporter-output>
        </test-method> <!-- endReport -->
        <test-method status="PASS" signature="killProcess()[pri:0, instance:tests.QCStore@5f9d02cb]" name="killProcess" is-config="true" duration-ms="5023" started-at="2020-12-10T14:11:22Z" finished-at="2020-12-10T14:11:27Z">
          <reporter-output>
          </reporter-output>
        </test-method> <!-- killProcess -->
        <test-method status="PASS" signature="QC_Sprint_B20_182_1_Txn_Testdata()[pri:48, instance:tests.QCStore@5f9d02cb]" name="QC_Sprint_B20_182_1_Txn_Testdata" duration-ms="503100" started-at="2020-12-10T14:11:27Z" finished-at="2020-12-10T14:19:50Z">
          <reporter-output>
          </reporter-output>
        </test-method> <!-- QC_Sprint_B20_182_1_Txn_Testdata -->
        <test-method status="PASS" signature="getResult(org.testng.ITestResult)[pri:0, instance:tests.QCStore@5f9d02cb]" name="getResult" is-config="true" duration-ms="563" started-at="2020-12-10T14:19:50Z" finished-at="2020-12-10T14:19:50Z">
          <params>
            <param index="0">
              <value>
                <![CDATA[[TestResult name=QC_Sprint_B20_182_1_Txn_Testdata status=SUCCESS method=QCStore.QC_Sprint_B20_182_1_Txn_Testdata()[pri:48, instance:tests.QCStore@5f9d02cb] output={null}]]]>
              </value>
            </param>
          </params>
          <reporter-output>
          </reporter-output>
        </test-method> <!-- getResult -->
        <test-method status="PASS" signature="endReport()[pri:0, instance:tests.QCStore@5f9d02cb]" name="endReport" is-config="true" duration-ms="0" started-at="2020-12-10T14:19:50Z" finished-at="2020-12-10T14:19:50Z">
          <reporter-output>
          </reporter-output>
        </test-method> <!-- endReport -->
        <test-method status="PASS" signature="killProcess()[pri:0, instance:tests.QCStore@5f9d02cb]" name="killProcess" is-config="true" duration-ms="5010" started-at="2020-12-10T14:19:50Z" finished-at="2020-12-10T14:19:55Z">
          <reporter-output>
          </reporter-output>
        </test-method> <!-- killProcess -->
        <test-method status="PASS" signature="QC_Sprint_B20_182_2_Txn_Testdata()[pri:49, instance:tests.QCStore@5f9d02cb]" name="QC_Sprint_B20_182_2_Txn_Testdata" duration-ms="360650" started-at="2020-12-10T14:19:55Z" finished-at="2020-12-10T14:25:56Z">
          <reporter-output>
          </reporter-output>
        </test-method> <!-- QC_Sprint_B20_182_2_Txn_Testdata -->
        <test-method status="PASS" signature="getResult(org.testng.ITestResult)[pri:0, instance:tests.QCStore@5f9d02cb]" name="getResult" is-config="true" duration-ms="572" started-at="2020-12-10T14:25:56Z" finished-at="2020-12-10T14:25:57Z">
          <params>
            <param index="0">
              <value>
                <![CDATA[[TestResult name=QC_Sprint_B20_182_2_Txn_Testdata status=SUCCESS method=QCStore.QC_Sprint_B20_182_2_Txn_Testdata()[pri:49, instance:tests.QCStore@5f9d02cb] output={null}]]]>
              </value>
            </param>
          </params>
          <reporter-output>
          </reporter-output>
        </test-method> <!-- getResult -->
        <test-method status="PASS" signature="endReport()[pri:0, instance:tests.QCStore@5f9d02cb]" name="endReport" is-config="true" duration-ms="0" started-at="2020-12-10T14:25:56Z" finished-at="2020-12-10T14:25:56Z">
          <reporter-output>
          </reporter-output>
        </test-method> <!-- endReport -->
        <test-method status="PASS" signature="killProcess()[pri:0, instance:tests.QCStore@5f9d02cb]" name="killProcess" is-config="true" duration-ms="5013" started-at="2020-12-10T14:25:57Z" finished-at="2020-12-10T14:26:02Z">
          <reporter-output>
          </reporter-output>
        </test-method> <!-- killProcess -->
        <test-method status="PASS" signature="QC_Sprint_B20_182_6_Txn_Testdata()[pri:51, instance:tests.QCStore@5f9d02cb]" name="QC_Sprint_B20_182_6_Txn_Testdata" duration-ms="511272" started-at="2020-12-10T14:26:02Z" finished-at="2020-12-10T14:34:33Z">
          <reporter-output>
          </reporter-output>
        </test-method> <!-- QC_Sprint_B20_182_6_Txn_Testdata -->
        <test-method status="PASS" signature="endReport()[pri:0, instance:tests.QCStore@5f9d02cb]" name="endReport" is-config="true" duration-ms="0" started-at="2020-12-10T14:34:33Z" finished-at="2020-12-10T14:34:33Z">
          <reporter-output>
          </reporter-output>
        </test-method> <!-- endReport -->
        <test-method status="PASS" signature="getResult(org.testng.ITestResult)[pri:0, instance:tests.QCStore@5f9d02cb]" name="getResult" is-config="true" duration-ms="574" started-at="2020-12-10T14:34:33Z" finished-at="2020-12-10T14:34:33Z">
          <params>
            <param index="0">
              <value>
                <![CDATA[[TestResult name=QC_Sprint_B20_182_6_Txn_Testdata status=SUCCESS method=QCStore.QC_Sprint_B20_182_6_Txn_Testdata()[pri:51, instance:tests.QCStore@5f9d02cb] output={null}]]]>
              </value>
            </param>
          </params>
          <reporter-output>
          </reporter-output>
        </test-method> <!-- getResult -->
        <test-method status="PASS" signature="killProcess()[pri:0, instance:tests.QCStore@5f9d02cb]" name="killProcess" is-config="true" duration-ms="5007" started-at="2020-12-10T14:34:33Z" finished-at="2020-12-10T14:34:38Z">
          <reporter-output>
          </reporter-output>
        </test-method> <!-- killProcess -->
        <test-method status="PASS" signature="QC_Sprint_B20_183_1_Txn_Testdata()[pri:52, instance:tests.QCStore@5f9d02cb]" name="QC_Sprint_B20_183_1_Txn_Testdata" duration-ms="415846" started-at="2020-12-10T14:34:38Z" finished-at="2020-12-10T14:41:34Z">
          <reporter-output>
          </reporter-output>
        </test-method> <!-- QC_Sprint_B20_183_1_Txn_Testdata -->
        <test-method status="PASS" signature="getResult(org.testng.ITestResult)[pri:0, instance:tests.QCStore@5f9d02cb]" name="getResult" is-config="true" duration-ms="576" started-at="2020-12-10T14:41:34Z" finished-at="2020-12-10T14:41:35Z">
          <params>
            <param index="0">
              <value>
                <![CDATA[[TestResult name=QC_Sprint_B20_183_1_Txn_Testdata status=SUCCESS method=QCStore.QC_Sprint_B20_183_1_Txn_Testdata()[pri:52, instance:tests.QCStore@5f9d02cb] output={null}]]]>
              </value>
            </param>
          </params>
          <reporter-output>
          </reporter-output>
        </test-method> <!-- getResult -->
        <test-method status="PASS" signature="endReport()[pri:0, instance:tests.QCStore@5f9d02cb]" name="endReport" is-config="true" duration-ms="0" started-at="2020-12-10T14:41:34Z" finished-at="2020-12-10T14:41:34Z">
          <reporter-output>
          </reporter-output>
        </test-method> <!-- endReport -->
        <test-method status="PASS" signature="killProcess()[pri:0, instance:tests.QCStore@5f9d02cb]" name="killProcess" is-config="true" duration-ms="5016" started-at="2020-12-10T14:41:35Z" finished-at="2020-12-10T14:41:40Z">
          <reporter-output>
          </reporter-output>
        </test-method> <!-- killProcess -->
        <test-method status="PASS" signature="QC_Sprint_B20_183_2_Txn_Testdata()[pri:53, instance:tests.QCStore@5f9d02cb]" name="QC_Sprint_B20_183_2_Txn_Testdata" duration-ms="348034" started-at="2020-12-10T14:41:40Z" finished-at="2020-12-10T14:47:28Z">
          <reporter-output>
          </reporter-output>
        </test-method> <!-- QC_Sprint_B20_183_2_Txn_Testdata -->
        <test-method status="PASS" signature="getResult(org.testng.ITestResult)[pri:0, instance:tests.QCStore@5f9d02cb]" name="getResult" is-config="true" duration-ms="574" started-at="2020-12-10T14:47:28Z" finished-at="2020-12-10T14:47:29Z">
          <params>
            <param index="0">
              <value>
                <![CDATA[[TestResult name=QC_Sprint_B20_183_2_Txn_Testdata status=SUCCESS method=QCStore.QC_Sprint_B20_183_2_Txn_Testdata()[pri:53, instance:tests.QCStore@5f9d02cb] output={null}]]]>
              </value>
            </param>
          </params>
          <reporter-output>
          </reporter-output>
        </test-method> <!-- getResult -->
        <test-method status="PASS" signature="endReport()[pri:0, instance:tests.QCStore@5f9d02cb]" name="endReport" is-config="true" duration-ms="0" started-at="2020-12-10T14:47:28Z" finished-at="2020-12-10T14:47:28Z">
          <reporter-output>
          </reporter-output>
        </test-method> <!-- endReport -->
        <test-method status="PASS" signature="killProcess()[pri:0, instance:tests.QCStore@5f9d02cb]" name="killProcess" is-config="true" duration-ms="5013" started-at="2020-12-10T14:47:29Z" finished-at="2020-12-10T14:47:34Z">
          <reporter-output>
          </reporter-output>
        </test-method> <!-- killProcess -->
        <test-method status="PASS" signature="QC_Sprint_B20_183_6_Txn_Testdata()[pri:55, instance:tests.QCStore@5f9d02cb]" name="QC_Sprint_B20_183_6_Txn_Testdata" duration-ms="402964" started-at="2020-12-10T14:47:34Z" finished-at="2020-12-10T14:54:17Z">
          <reporter-output>
          </reporter-output>
        </test-method> <!-- QC_Sprint_B20_183_6_Txn_Testdata -->
        <test-method status="PASS" signature="getResult(org.testng.ITestResult)[pri:0, instance:tests.QCStore@5f9d02cb]" name="getResult" is-config="true" duration-ms="579" started-at="2020-12-10T14:54:17Z" finished-at="2020-12-10T14:54:17Z">
          <params>
            <param index="0">
              <value>
                <![CDATA[[TestResult name=QC_Sprint_B20_183_6_Txn_Testdata status=SUCCESS method=QCStore.QC_Sprint_B20_183_6_Txn_Testdata()[pri:55, instance:tests.QCStore@5f9d02cb] output={null}]]]>
              </value>
            </param>
          </params>
          <reporter-output>
          </reporter-output>
        </test-method> <!-- getResult -->
        <test-method status="PASS" signature="endReport()[pri:0, instance:tests.QCStore@5f9d02cb]" name="endReport" is-config="true" duration-ms="0" started-at="2020-12-10T14:54:17Z" finished-at="2020-12-10T14:54:17Z">
          <reporter-output>
          </reporter-output>
        </test-method> <!-- endReport -->
        <test-method status="PASS" signature="killProcess()[pri:0, instance:tests.QCStore@5f9d02cb]" name="killProcess" is-config="true" duration-ms="5021" started-at="2020-12-10T14:54:17Z" finished-at="2020-12-10T14:54:22Z">
          <reporter-output>
          </reporter-output>
        </test-method> <!-- killProcess -->
        <test-method status="PASS" signature="QC_Sprint_B20_184_1_Txn_Testdata()[pri:56, instance:tests.QCStore@5f9d02cb]" name="QC_Sprint_B20_184_1_Txn_Testdata" duration-ms="597049" started-at="2020-12-10T14:54:22Z" finished-at="2020-12-10T15:04:19Z">
          <reporter-output>
          </reporter-output>
        </test-method> <!-- QC_Sprint_B20_184_1_Txn_Testdata -->
        <test-method status="PASS" signature="endReport()[pri:0, instance:tests.QCStore@5f9d02cb]" name="endReport" is-config="true" duration-ms="0" started-at="2020-12-10T15:04:19Z" finished-at="2020-12-10T15:04:19Z">
          <reporter-output>
          </reporter-output>
        </test-method> <!-- endReport -->
        <test-method status="PASS" signature="getResult(org.testng.ITestResult)[pri:0, instance:tests.QCStore@5f9d02cb]" name="getResult" is-config="true" duration-ms="574" started-at="2020-12-10T15:04:19Z" finished-at="2020-12-10T15:04:20Z">
          <params>
            <param index="0">
              <value>
                <![CDATA[[TestResult name=QC_Sprint_B20_184_1_Txn_Testdata status=SUCCESS method=QCStore.QC_Sprint_B20_184_1_Txn_Testdata()[pri:56, instance:tests.QCStore@5f9d02cb] output={null}]]]>
              </value>
            </param>
          </params>
          <reporter-output>
          </reporter-output>
        </test-method> <!-- getResult -->
        <test-method status="PASS" signature="killProcess()[pri:0, instance:tests.QCStore@5f9d02cb]" name="killProcess" is-config="true" duration-ms="5013" started-at="2020-12-10T15:04:20Z" finished-at="2020-12-10T15:04:25Z">
          <reporter-output>
          </reporter-output>
        </test-method> <!-- killProcess -->
        <test-method status="PASS" signature="QC_Sprint_B20_184_2_Txn_Testdata()[pri:57, instance:tests.QCStore@5f9d02cb]" name="QC_Sprint_B20_184_2_Txn_Testdata" duration-ms="434074" started-at="2020-12-10T15:04:25Z" finished-at="2020-12-10T15:11:39Z">
          <reporter-output>
          </reporter-output>
        </test-method> <!-- QC_Sprint_B20_184_2_Txn_Testdata -->
        <test-method status="PASS" signature="endReport()[pri:0, instance:tests.QCStore@5f9d02cb]" name="endReport" is-config="true" duration-ms="0" started-at="2020-12-10T15:11:39Z" finished-at="2020-12-10T15:11:39Z">
          <reporter-output>
          </reporter-output>
        </test-method> <!-- endReport -->
        <test-method status="PASS" signature="getResult(org.testng.ITestResult)[pri:0, instance:tests.QCStore@5f9d02cb]" name="getResult" is-config="true" duration-ms="566" started-at="2020-12-10T15:11:39Z" finished-at="2020-12-10T15:11:39Z">
          <params>
            <param index="0">
              <value>
                <![CDATA[[TestResult name=QC_Sprint_B20_184_2_Txn_Testdata status=SUCCESS method=QCStore.QC_Sprint_B20_184_2_Txn_Testdata()[pri:57, instance:tests.QCStore@5f9d02cb] output={null}]]]>
              </value>
            </param>
          </params>
          <reporter-output>
          </reporter-output>
        </test-method> <!-- getResult -->
        <test-method status="PASS" signature="killProcess()[pri:0, instance:tests.QCStore@5f9d02cb]" name="killProcess" is-config="true" duration-ms="5018" started-at="2020-12-10T15:11:39Z" finished-at="2020-12-10T15:11:44Z">
          <reporter-output>
          </reporter-output>
        </test-method> <!-- killProcess -->
        <test-method status="PASS" signature="QC_Sprint_B20_184_4_Txn_Testdata()[pri:58, instance:tests.QCStore@5f9d02cb]" name="QC_Sprint_B20_184_4_Txn_Testdata" duration-ms="483427" started-at="2020-12-10T15:11:44Z" finished-at="2020-12-10T15:19:48Z">
          <reporter-output>
          </reporter-output>
        </test-method> <!-- QC_Sprint_B20_184_4_Txn_Testdata -->
        <test-method status="PASS" signature="endReport()[pri:0, instance:tests.QCStore@5f9d02cb]" name="endReport" is-config="true" duration-ms="1" started-at="2020-12-10T15:19:48Z" finished-at="2020-12-10T15:19:48Z">
          <reporter-output>
          </reporter-output>
        </test-method> <!-- endReport -->
        <test-method status="PASS" signature="getResult(org.testng.ITestResult)[pri:0, instance:tests.QCStore@5f9d02cb]" name="getResult" is-config="true" duration-ms="589" started-at="2020-12-10T15:19:48Z" finished-at="2020-12-10T15:19:48Z">
          <params>
            <param index="0">
              <value>
                <![CDATA[[TestResult name=QC_Sprint_B20_184_4_Txn_Testdata status=SUCCESS method=QCStore.QC_Sprint_B20_184_4_Txn_Testdata()[pri:58, instance:tests.QCStore@5f9d02cb] output={null}]]]>
              </value>
            </param>
          </params>
          <reporter-output>
          </reporter-output>
        </test-method> <!-- getResult -->
        <test-method status="PASS" signature="killProcess()[pri:0, instance:tests.QCStore@5f9d02cb]" name="killProcess" is-config="true" duration-ms="5011" started-at="2020-12-10T15:19:48Z" finished-at="2020-12-10T15:19:53Z">
          <reporter-output>
          </reporter-output>
        </test-method> <!-- killProcess -->
        <test-method status="PASS" signature="QC_Sprint_B20_184_5_Txn_Testdata()[pri:59, instance:tests.QCStore@5f9d02cb]" name="QC_Sprint_B20_184_5_Txn_Testdata" duration-ms="540233" started-at="2020-12-10T15:19:53Z" finished-at="2020-12-10T15:28:54Z">
          <reporter-output>
          </reporter-output>
        </test-method> <!-- QC_Sprint_B20_184_5_Txn_Testdata -->
        <test-method status="PASS" signature="endReport()[pri:0, instance:tests.QCStore@5f9d02cb]" name="endReport" is-config="true" duration-ms="0" started-at="2020-12-10T15:28:54Z" finished-at="2020-12-10T15:28:54Z">
          <reporter-output>
          </reporter-output>
        </test-method> <!-- endReport -->
        <test-method status="PASS" signature="getResult(org.testng.ITestResult)[pri:0, instance:tests.QCStore@5f9d02cb]" name="getResult" is-config="true" duration-ms="577" started-at="2020-12-10T15:28:54Z" finished-at="2020-12-10T15:28:54Z">
          <params>
            <param index="0">
              <value>
                <![CDATA[[TestResult name=QC_Sprint_B20_184_5_Txn_Testdata status=SUCCESS method=QCStore.QC_Sprint_B20_184_5_Txn_Testdata()[pri:59, instance:tests.QCStore@5f9d02cb] output={null}]]]>
              </value>
            </param>
          </params>
          <reporter-output>
          </reporter-output>
        </test-method> <!-- getResult -->
      </class> <!-- tests.QCStore -->
    </test> <!-- Test -->
  </suite> <!-- Suite -->
</testng-results>
