<?xml version="1.0" encoding="UTF-8"?>
<!-- Generated by org.testng.reporters.JUnitXMLReporter -->
<testsuite hostname="QTLSYS0-225" ignored="27" name="Test" tests="1" failures="0" timestamp="18 Dec 2020 05:46:14 GMT" time="894.766" errors="0">
  <testcase name="QC_Sprint_Online_LAPDL_ACH_DC_Payment_Txn_Testdata" time="878.629" classname="tests.QCStore"/>
  <testcase name="QC_Online_NVPDL_ACH_DC_Txn_Testdata" time="0.0" classname="tests.QCStore">
    <ignored/>
  </testcase> <!-- QC_Online_NVPDL_ACH_DC_Txn_Testdata -->
  <testcase name="QC_Online_ILPDL_DC_ACH_Txn_Testdata" time="0.0" classname="tests.QCStore">
    <ignored/>
  </testcase> <!-- QC_Online_ILPDL_DC_ACH_Txn_Testdata -->
  <testcase name="QC_Online_NVPDL_ACH_DC_Payment_Txn_Testdata" time="0.0" classname="tests.QCStore">
    <ignored/>
  </testcase> <!-- QC_Online_NVPDL_ACH_DC_Payment_Txn_Testdata -->
  <testcase name="QC_Online_IDPDL_DC_ACH_Txn_Testdata" time="0.0" classname="tests.QCStore">
    <ignored/>
  </testcase> <!-- QC_Online_IDPDL_DC_ACH_Txn_Testdata -->
  <testcase name="QC_Online_ILPDL_ACH_CashAtStore_Txn_Testdata" time="0.0" classname="tests.QCStore">
    <ignored/>
  </testcase> <!-- QC_Online_ILPDL_ACH_CashAtStore_Txn_Testdata -->
  <testcase name="QC_Online_NVPDL_ACH_Txn_Testdata" time="0.0" classname="tests.QCStore">
    <ignored/>
  </testcase> <!-- QC_Online_NVPDL_ACH_Txn_Testdata -->
  <testcase name="QC_Online_IDPDL_ACH_Txn_Testdata" time="0.0" classname="tests.QCStore">
    <ignored/>
  </testcase> <!-- QC_Online_IDPDL_ACH_Txn_Testdata -->
  <testcase name="QC_Sprint_Online_LAPDL_ACH_Txn_Testdata" time="0.0" classname="tests.QCStore">
    <ignored/>
  </testcase> <!-- QC_Sprint_Online_LAPDL_ACH_Txn_Testdata -->
  <testcase name="QC_Online_NVPDL_ACH_Payment_Txn_Testdata" time="0.0" classname="tests.QCStore">
    <ignored/>
  </testcase> <!-- QC_Online_NVPDL_ACH_Payment_Txn_Testdata -->
  <testcase name="QC_Online_IDPDL_ACH_CashAtStore_Txn_Testdata" time="0.0" classname="tests.QCStore">
    <ignored/>
  </testcase> <!-- QC_Online_IDPDL_ACH_CashAtStore_Txn_Testdata -->
  <testcase name="QC_Sprint_Online_LAPDL_ACH_DC_Refinance_Txn_Testdata" time="0.0" classname="tests.QCStore">
    <ignored/>
  </testcase> <!-- QC_Sprint_Online_LAPDL_ACH_DC_Refinance_Txn_Testdata -->
  <testcase name="QC_Online_NVPDL_ACH_Refinance_Txn_Testdata" time="0.0" classname="tests.QCStore">
    <ignored/>
  </testcase> <!-- QC_Online_NVPDL_ACH_Refinance_Txn_Testdata -->
  <testcase name="QC_Sprint_Online_LAPDL_ACH_Payment_Txn_Testdata" time="0.0" classname="tests.QCStore">
    <ignored/>
  </testcase> <!-- QC_Sprint_Online_LAPDL_ACH_Payment_Txn_Testdata -->
  <testcase name="QC_Online_UTPDL_ACH_Txn_Testdata" time="0.0" classname="tests.QCStore">
    <ignored/>
  </testcase> <!-- QC_Online_UTPDL_ACH_Txn_Testdata -->
  <testcase name="QC_Sprint_Online_MOPDL_DC_CashAtStore_Txn_Testdata" time="0.0" classname="tests.QCStore">
    <ignored/>
  </testcase> <!-- QC_Sprint_Online_MOPDL_DC_CashAtStore_Txn_Testdata -->
  <testcase name="QC_KSLOC_Default_PartialPaymentOnline_Txn_Testdata" time="0.0" classname="tests.QCStore">
    <ignored/>
  </testcase> <!-- QC_KSLOC_Default_PartialPaymentOnline_Txn_Testdata -->
  <testcase name="QC_Online_ILPDL_DC_CashAtStore_Txn_Testdata" time="0.0" classname="tests.QCStore">
    <ignored/>
  </testcase> <!-- QC_Online_ILPDL_DC_CashAtStore_Txn_Testdata -->
  <testcase name="QC_Sprint_Online_MOPDL_ACH_CashAtStore_Txn_Testdata" time="0.0" classname="tests.QCStore">
    <ignored/>
  </testcase> <!-- QC_Sprint_Online_MOPDL_ACH_CashAtStore_Txn_Testdata -->
  <testcase name="QC_Sprint_Online_MOPDL_DC_ACH_Txn_Testdata" time="0.0" classname="tests.QCStore">
    <ignored/>
  </testcase> <!-- QC_Sprint_Online_MOPDL_DC_ACH_Txn_Testdata -->
  <testcase name="QC_Online_ILPDL_ACH_Txn_Testdata" time="0.0" classname="tests.QCStore">
    <ignored/>
  </testcase> <!-- QC_Online_ILPDL_ACH_Txn_Testdata -->
  <testcase name="QC_Sprint_Online_MOPDL_ACH_Txn_Testdata" time="0.0" classname="tests.QCStore">
    <ignored/>
  </testcase> <!-- QC_Sprint_Online_MOPDL_ACH_Txn_Testdata -->
  <testcase name="QC_Sprint_Online_LAPDL_ACH_DC_Txn_Testdata" time="0.0" classname="tests.QCStore">
    <ignored/>
  </testcase> <!-- QC_Sprint_Online_LAPDL_ACH_DC_Txn_Testdata -->
  <testcase name="QC_Online_NVPDL_ACH_DC_Refinance_Txn_Testdata" time="0.0" classname="tests.QCStore">
    <ignored/>
  </testcase> <!-- QC_Online_NVPDL_ACH_DC_Refinance_Txn_Testdata -->
  <testcase name="QC_Sprint_Online_LAPDL_ACH_Refinance_Txn_Testdata" time="0.0" classname="tests.QCStore">
    <ignored/>
  </testcase> <!-- QC_Sprint_Online_LAPDL_ACH_Refinance_Txn_Testdata -->
  <testcase name="QC_Online_IDPDL_DC_CashAtStore_Txn_Testdata" time="0.0" classname="tests.QCStore">
    <ignored/>
  </testcase> <!-- QC_Online_IDPDL_DC_CashAtStore_Txn_Testdata -->
  <testcase name="QC_Online_TXPDL_ACH_DC_Txn_Testdata" time="0.0" classname="tests.QCStore">
    <ignored/>
  </testcase> <!-- QC_Online_TXPDL_ACH_DC_Txn_Testdata -->
  <testcase name="QC_Online_TXPDL_ACH_Txn_Testdata" time="0.0" classname="tests.QCStore">
    <ignored/>
  </testcase> <!-- QC_Online_TXPDL_ACH_Txn_Testdata -->
</testsuite> <!-- Test -->
