<?xml version="1.0" encoding="UTF-8"?>
<!-- Generated by org.testng.reporters.JUnitXMLReporter -->
<testsuite hostname="QTLSYS0-225" ignored="0" name="Test" tests="16" failures="1" timestamp="10 Dec 2020 02:23:07 GMT" time="27798.478" errors="0">
  <testcase name="QC_3Payments_Refinance_Semimonthly_StepUp_Txn_Testdata" time="291.761" classname="tests.QCStore">
    <failure type="java.lang.AssertionError" message="expected [true] but found [false]">
      <![CDATA[java.lang.AssertionError: expected [true] but found [false]
at tests.RQCCSRNewLoan.newLoan(RQCCSRNewLoan.java:272)
at tests.QCStore.QC_3Payments_Refinance_Semimonthly_StepUp_Txn_Testdata(QCStore.java:255)
... Removed 29 stack frames]]>
    </failure>
  </testcase> <!-- QC_3Payments_Refinance_Semimonthly_StepUp_Txn_Testdata -->
  <testcase name="QC_3Payments_Refinance_Semimonthly_StepUp_LoanAmt_Edit_Txn_Testdata" time="1788.728" classname="tests.QCStore"/>
  <testcase name="QC_3Payments_Refinance_Semimonthly_StepUp_NoCashout_Txn_Testdata" time="2057.524" classname="tests.QCStore"/>
  <testcase name="QC_3Payments_Refinance_Weekly_StepUp_Txn_Testdata" time="1886.512" classname="tests.QCStore"/>
  <testcase name="QC_3Payments_Refinance_Weekly_StepSame_LoanAmountEdit_Txn_Testdata" time="2022.186" classname="tests.QCStore"/>
  <testcase name="QC_3Payments_Refinance_Weekly_StepUp_NoCash_Txn_Testdata" time="1761.123" classname="tests.QCStore"/>
  <testcase name="QC_3Payments_Refinance_BiWeekly_StepUp_Txn_Testdata" time="1890.798" classname="tests.QCStore"/>
  <testcase name="QC_3Payments_Refinance_BiWeekly_StepDown_LoanAmountEdit_Txn_Testdata" time="1689.221" classname="tests.QCStore"/>
  <testcase name="QC_3Payments_Refinance_BiWeekly_StepUp_NoCash_Txn_Testdata" time="1986.408" classname="tests.QCStore"/>
  <testcase name="QC_3Payments_Refinance_Monthly_StepUp_NoCash_Txn_Testdata" time="1807.896" classname="tests.QCStore"/>
  <testcase name="QC_3Payments_Refinance_Monthly_StepUp_Txn_Testdata" time="1835.144" classname="tests.QCStore"/>
  <testcase name="QC_3Payments_Refinance_Monthly_StepDown_LoanAmountEdit_Txn_Testdata" time="1836.569" classname="tests.QCStore"/>
  <testcase name="QC_3Payments_Refinance_Monthly_StepDown_NoCash_Txn_Testdata" time="1853.314" classname="tests.QCStore"/>
  <testcase name="QC_2Payments_Refinance_Monthly_StepUp_Txn_Testdata" time="1589.176" classname="tests.QCStore"/>
  <testcase name="QC_2Payments_Refinance_Monthly_StepDown_Txn_Testdata" time="1636.37" classname="tests.QCStore"/>
  <testcase name="QC_2Payments_Refinance_Monthly_StepSame_Txn_Testdata" time="1783.82" classname="tests.QCStore"/>
</testsuite> <!-- Test -->
