<?xml version="1.0" encoding="UTF-8"?>
<testng-results skipped="0" failed="1" ignored="0" total="16" passed="15">
  <reporter-output>
  </reporter-output>
  <suite name="Suite" duration-ms="27798478" started-at="2020-12-09T18:39:49Z" finished-at="2020-12-10T02:23:07Z">
    <groups>
      <group name="Ratikanta_ILP_Monthly">
        <method signature="QCStore.QC_2Payments_Refinance_Monthly_StepDown_Txn_Testdata()[pri:15, instance:tests.QCStore@520a3426]" name="QC_2Payments_Refinance_Monthly_StepDown_Txn_Testdata" class="tests.QCStore"/>
        <method signature="QCStore.QC_2Payments_Refinance_Monthly_StepSame_Txn_Testdata()[pri:16, instance:tests.QCStore@520a3426]" name="QC_2Payments_Refinance_Monthly_StepSame_Txn_Testdata" class="tests.QCStore"/>
        <method signature="QCStore.QC_2Payments_Refinance_Monthly_StepUp_Txn_Testdata()[pri:14, instance:tests.QCStore@520a3426]" name="QC_2Payments_Refinance_Monthly_StepUp_Txn_Testdata" class="tests.QCStore"/>
        <method signature="QCStore.QC_3Payments_Refinance_Monthly_StepDown_LoanAmountEdit_Txn_Testdata()[pri:12, instance:tests.QCStore@520a3426]" name="QC_3Payments_Refinance_Monthly_StepDown_LoanAmountEdit_Txn_Testdata" class="tests.QCStore"/>
        <method signature="QCStore.QC_3Payments_Refinance_Monthly_StepDown_NoCash_Txn_Testdata()[pri:13, instance:tests.QCStore@520a3426]" name="QC_3Payments_Refinance_Monthly_StepDown_NoCash_Txn_Testdata" class="tests.QCStore"/>
        <method signature="QCStore.QC_3Payments_Refinance_Monthly_StepUp_NoCash_Txn_Testdata()[pri:10, instance:tests.QCStore@520a3426]" name="QC_3Payments_Refinance_Monthly_StepUp_NoCash_Txn_Testdata" class="tests.QCStore"/>
        <method signature="QCStore.QC_3Payments_Refinance_Monthly_StepUp_Txn_Testdata()[pri:11, instance:tests.QCStore@520a3426]" name="QC_3Payments_Refinance_Monthly_StepUp_Txn_Testdata" class="tests.QCStore"/>
      </group> <!-- Ratikanta_ILP_Monthly -->
      <group name="Ratikanta_ILP_Semimonthly">
        <method signature="QCStore.QC_3Payments_Refinance_Semimonthly_StepUp_LoanAmt_Edit_Txn_Testdata()[pri:2, instance:tests.QCStore@520a3426]" name="QC_3Payments_Refinance_Semimonthly_StepUp_LoanAmt_Edit_Txn_Testdata" class="tests.QCStore"/>
        <method signature="QCStore.QC_3Payments_Refinance_Semimonthly_StepUp_NoCashout_Txn_Testdata()[pri:3, instance:tests.QCStore@520a3426]" name="QC_3Payments_Refinance_Semimonthly_StepUp_NoCashout_Txn_Testdata" class="tests.QCStore"/>
        <method signature="QCStore.QC_3Payments_Refinance_Semimonthly_StepUp_Txn_Testdata()[pri:1, instance:tests.QCStore@520a3426]" name="QC_3Payments_Refinance_Semimonthly_StepUp_Txn_Testdata" class="tests.QCStore"/>
      </group> <!-- Ratikanta_ILP_Semimonthly -->
      <group name="Ratikanta_ILP_Biweekly">
        <method signature="QCStore.QC_3Payments_Refinance_BiWeekly_StepDown_LoanAmountEdit_Txn_Testdata()[pri:8, instance:tests.QCStore@520a3426]" name="QC_3Payments_Refinance_BiWeekly_StepDown_LoanAmountEdit_Txn_Testdata" class="tests.QCStore"/>
        <method signature="QCStore.QC_3Payments_Refinance_BiWeekly_StepUp_NoCash_Txn_Testdata()[pri:9, instance:tests.QCStore@520a3426]" name="QC_3Payments_Refinance_BiWeekly_StepUp_NoCash_Txn_Testdata" class="tests.QCStore"/>
        <method signature="QCStore.QC_3Payments_Refinance_BiWeekly_StepUp_Txn_Testdata()[pri:7, instance:tests.QCStore@520a3426]" name="QC_3Payments_Refinance_BiWeekly_StepUp_Txn_Testdata" class="tests.QCStore"/>
      </group> <!-- Ratikanta_ILP_Biweekly -->
      <group name="Ratikanta_ILP_Weekly">
        <method signature="QCStore.QC_3Payments_Refinance_Weekly_StepSame_LoanAmountEdit_Txn_Testdata()[pri:5, instance:tests.QCStore@520a3426]" name="QC_3Payments_Refinance_Weekly_StepSame_LoanAmountEdit_Txn_Testdata" class="tests.QCStore"/>
        <method signature="QCStore.QC_3Payments_Refinance_Weekly_StepUp_NoCash_Txn_Testdata()[pri:6, instance:tests.QCStore@520a3426]" name="QC_3Payments_Refinance_Weekly_StepUp_NoCash_Txn_Testdata" class="tests.QCStore"/>
        <method signature="QCStore.QC_3Payments_Refinance_Weekly_StepUp_Txn_Testdata()[pri:4, instance:tests.QCStore@520a3426]" name="QC_3Payments_Refinance_Weekly_StepUp_Txn_Testdata" class="tests.QCStore"/>
      </group> <!-- Ratikanta_ILP_Weekly -->
    </groups>
    <test name="Test" duration-ms="27798478" started-at="2020-12-09T18:39:49Z" finished-at="2020-12-10T02:23:07Z">
      <class name="tests.QCStore">
        <test-method status="PASS" signature="setup()[pri:0, instance:tests.QCStore@520a3426]" name="setup" is-config="true" duration-ms="86" started-at="2020-12-09T18:39:49Z" finished-at="2020-12-09T18:39:49Z">
          <reporter-output>
          </reporter-output>
        </test-method> <!-- setup -->
        <test-method status="PASS" signature="killProcess()[pri:0, instance:tests.QCStore@520a3426]" name="killProcess" is-config="true" duration-ms="5012" started-at="2020-12-09T18:39:49Z" finished-at="2020-12-09T18:39:54Z">
          <reporter-output>
          </reporter-output>
        </test-method> <!-- killProcess -->
        <test-method status="FAIL" signature="QC_3Payments_Refinance_Semimonthly_StepUp_Txn_Testdata()[pri:1, instance:tests.QCStore@520a3426]" name="QC_3Payments_Refinance_Semimonthly_StepUp_Txn_Testdata" duration-ms="291761" started-at="2020-12-09T18:39:54Z" finished-at="2020-12-09T18:44:46Z">
          <exception class="java.lang.AssertionError">
            <message>
              <![CDATA[expected [true] but found [false]]]>
            </message>
            <full-stacktrace>
              <![CDATA[java.lang.AssertionError: expected [true] but found [false]
at org.testng.Assert.fail(Assert.java:96)
at org.testng.Assert.failNotEquals(Assert.java:776)
at org.testng.Assert.assertTrue(Assert.java:44)
at org.testng.Assert.assertTrue(Assert.java:54)
at tests.RQCCSRNewLoan.newLoan(RQCCSRNewLoan.java:272)
at tests.QCStore.QC_3Payments_Refinance_Semimonthly_StepUp_Txn_Testdata(QCStore.java:255)
at sun.reflect.NativeMethodAccessorImpl.invoke0(Native Method)
at sun.reflect.NativeMethodAccessorImpl.invoke(Unknown Source)
at sun.reflect.DelegatingMethodAccessorImpl.invoke(Unknown Source)
at java.lang.reflect.Method.invoke(Unknown Source)
at org.testng.internal.MethodInvocationHelper.invokeMethod(MethodInvocationHelper.java:124)
at org.testng.internal.Invoker.invokeMethod(Invoker.java:583)
at org.testng.internal.Invoker.invokeTestMethod(Invoker.java:719)
at org.testng.internal.Invoker.invokeTestMethods(Invoker.java:989)
at org.testng.internal.TestMethodWorker.invokeTestMethods(TestMethodWorker.java:125)
at org.testng.internal.TestMethodWorker.run(TestMethodWorker.java:109)
at org.testng.TestRunner.privateRun(TestRunner.java:648)
at org.testng.TestRunner.run(TestRunner.java:505)
at org.testng.SuiteRunner.runTest(SuiteRunner.java:455)
at org.testng.SuiteRunner.runSequentially(SuiteRunner.java:450)
at org.testng.SuiteRunner.privateRun(SuiteRunner.java:415)
at org.testng.SuiteRunner.run(SuiteRunner.java:364)
at org.testng.SuiteRunnerWorker.runSuite(SuiteRunnerWorker.java:52)
at org.testng.SuiteRunnerWorker.run(SuiteRunnerWorker.java:84)
at org.testng.TestNG.runSuitesSequentially(TestNG.java:1208)
at org.testng.TestNG.runSuitesLocally(TestNG.java:1137)
at org.testng.TestNG.runSuites(TestNG.java:1049)
at org.testng.TestNG.run(TestNG.java:1017)
at org.testng.remote.AbstractRemoteTestNG.run(AbstractRemoteTestNG.java:114)
at org.testng.remote.RemoteTestNG.initAndRun(RemoteTestNG.java:251)
at org.testng.remote.RemoteTestNG.main(RemoteTestNG.java:77)
]]>
            </full-stacktrace>
          </exception> <!-- java.lang.AssertionError -->
          <reporter-output>
          </reporter-output>
        </test-method> <!-- QC_3Payments_Refinance_Semimonthly_StepUp_Txn_Testdata -->
        <test-method status="PASS" signature="endReport()[pri:0, instance:tests.QCStore@520a3426]" name="endReport" is-config="true" duration-ms="0" started-at="2020-12-09T18:44:46Z" finished-at="2020-12-09T18:44:46Z">
          <reporter-output>
          </reporter-output>
        </test-method> <!-- endReport -->
        <test-method status="PASS" signature="getResult(org.testng.ITestResult)[pri:0, instance:tests.QCStore@520a3426]" name="getResult" is-config="true" duration-ms="936" started-at="2020-12-09T18:44:46Z" finished-at="2020-12-09T18:44:47Z">
          <params>
            <param index="0">
              <value>
                <![CDATA[[TestResult name=QC_3Payments_Refinance_Semimonthly_StepUp_Txn_Testdata status=FAILURE method=QCStore.QC_3Payments_Refinance_Semimonthly_StepUp_Txn_Testdata()[pri:1, instance:tests.QCStore@520a3426] output={null}]]]>
              </value>
            </param>
          </params>
          <reporter-output>
          </reporter-output>
        </test-method> <!-- getResult -->
        <test-method status="PASS" signature="killProcess()[pri:0, instance:tests.QCStore@520a3426]" name="killProcess" is-config="true" duration-ms="5011" started-at="2020-12-09T18:44:47Z" finished-at="2020-12-09T18:44:52Z">
          <reporter-output>
          </reporter-output>
        </test-method> <!-- killProcess -->
        <test-method status="PASS" signature="QC_3Payments_Refinance_Semimonthly_StepUp_LoanAmt_Edit_Txn_Testdata()[pri:2, instance:tests.QCStore@520a3426]" name="QC_3Payments_Refinance_Semimonthly_StepUp_LoanAmt_Edit_Txn_Testdata" duration-ms="1788728" started-at="2020-12-09T18:44:52Z" finished-at="2020-12-09T19:14:40Z">
          <reporter-output>
          </reporter-output>
        </test-method> <!-- QC_3Payments_Refinance_Semimonthly_StepUp_LoanAmt_Edit_Txn_Testdata -->
        <test-method status="PASS" signature="endReport()[pri:0, instance:tests.QCStore@520a3426]" name="endReport" is-config="true" duration-ms="1" started-at="2020-12-09T19:14:40Z" finished-at="2020-12-09T19:14:40Z">
          <reporter-output>
          </reporter-output>
        </test-method> <!-- endReport -->
        <test-method status="PASS" signature="getResult(org.testng.ITestResult)[pri:0, instance:tests.QCStore@520a3426]" name="getResult" is-config="true" duration-ms="41" started-at="2020-12-09T19:14:40Z" finished-at="2020-12-09T19:14:40Z">
          <params>
            <param index="0">
              <value>
                <![CDATA[[TestResult name=QC_3Payments_Refinance_Semimonthly_StepUp_LoanAmt_Edit_Txn_Testdata status=SUCCESS method=QCStore.QC_3Payments_Refinance_Semimonthly_StepUp_LoanAmt_Edit_Txn_Testdata()[pri:2, instance:tests.QCStore@520a3426] output={null}]]]>
              </value>
            </param>
          </params>
          <reporter-output>
          </reporter-output>
        </test-method> <!-- getResult -->
        <test-method status="PASS" signature="killProcess()[pri:0, instance:tests.QCStore@520a3426]" name="killProcess" is-config="true" duration-ms="5013" started-at="2020-12-09T19:14:40Z" finished-at="2020-12-09T19:14:45Z">
          <reporter-output>
          </reporter-output>
        </test-method> <!-- killProcess -->
        <test-method status="PASS" signature="QC_3Payments_Refinance_Semimonthly_StepUp_NoCashout_Txn_Testdata()[pri:3, instance:tests.QCStore@520a3426]" name="QC_3Payments_Refinance_Semimonthly_StepUp_NoCashout_Txn_Testdata" duration-ms="2057524" started-at="2020-12-09T19:14:45Z" finished-at="2020-12-09T19:49:03Z">
          <reporter-output>
          </reporter-output>
        </test-method> <!-- QC_3Payments_Refinance_Semimonthly_StepUp_NoCashout_Txn_Testdata -->
        <test-method status="PASS" signature="endReport()[pri:0, instance:tests.QCStore@520a3426]" name="endReport" is-config="true" duration-ms="0" started-at="2020-12-09T19:49:03Z" finished-at="2020-12-09T19:49:03Z">
          <reporter-output>
          </reporter-output>
        </test-method> <!-- endReport -->
        <test-method status="PASS" signature="getResult(org.testng.ITestResult)[pri:0, instance:tests.QCStore@520a3426]" name="getResult" is-config="true" duration-ms="29" started-at="2020-12-09T19:49:03Z" finished-at="2020-12-09T19:49:03Z">
          <params>
            <param index="0">
              <value>
                <![CDATA[[TestResult name=QC_3Payments_Refinance_Semimonthly_StepUp_NoCashout_Txn_Testdata status=SUCCESS method=QCStore.QC_3Payments_Refinance_Semimonthly_StepUp_NoCashout_Txn_Testdata()[pri:3, instance:tests.QCStore@520a3426] output={null}]]]>
              </value>
            </param>
          </params>
          <reporter-output>
          </reporter-output>
        </test-method> <!-- getResult -->
        <test-method status="PASS" signature="killProcess()[pri:0, instance:tests.QCStore@520a3426]" name="killProcess" is-config="true" duration-ms="5006" started-at="2020-12-09T19:49:03Z" finished-at="2020-12-09T19:49:08Z">
          <reporter-output>
          </reporter-output>
        </test-method> <!-- killProcess -->
        <test-method status="PASS" signature="QC_3Payments_Refinance_Weekly_StepUp_Txn_Testdata()[pri:4, instance:tests.QCStore@520a3426]" name="QC_3Payments_Refinance_Weekly_StepUp_Txn_Testdata" duration-ms="1886512" started-at="2020-12-09T19:49:08Z" finished-at="2020-12-09T20:20:34Z">
          <reporter-output>
          </reporter-output>
        </test-method> <!-- QC_3Payments_Refinance_Weekly_StepUp_Txn_Testdata -->
        <test-method status="PASS" signature="endReport()[pri:0, instance:tests.QCStore@520a3426]" name="endReport" is-config="true" duration-ms="0" started-at="2020-12-09T20:20:34Z" finished-at="2020-12-09T20:20:34Z">
          <reporter-output>
          </reporter-output>
        </test-method> <!-- endReport -->
        <test-method status="PASS" signature="getResult(org.testng.ITestResult)[pri:0, instance:tests.QCStore@520a3426]" name="getResult" is-config="true" duration-ms="33" started-at="2020-12-09T20:20:34Z" finished-at="2020-12-09T20:20:34Z">
          <params>
            <param index="0">
              <value>
                <![CDATA[[TestResult name=QC_3Payments_Refinance_Weekly_StepUp_Txn_Testdata status=SUCCESS method=QCStore.QC_3Payments_Refinance_Weekly_StepUp_Txn_Testdata()[pri:4, instance:tests.QCStore@520a3426] output={null}]]]>
              </value>
            </param>
          </params>
          <reporter-output>
          </reporter-output>
        </test-method> <!-- getResult -->
        <test-method status="PASS" signature="killProcess()[pri:0, instance:tests.QCStore@520a3426]" name="killProcess" is-config="true" duration-ms="5021" started-at="2020-12-09T20:20:34Z" finished-at="2020-12-09T20:20:40Z">
          <reporter-output>
          </reporter-output>
        </test-method> <!-- killProcess -->
        <test-method status="PASS" signature="QC_3Payments_Refinance_Weekly_StepSame_LoanAmountEdit_Txn_Testdata()[pri:5, instance:tests.QCStore@520a3426]" name="QC_3Payments_Refinance_Weekly_StepSame_LoanAmountEdit_Txn_Testdata" duration-ms="2022186" started-at="2020-12-09T20:20:40Z" finished-at="2020-12-09T20:54:22Z">
          <reporter-output>
          </reporter-output>
        </test-method> <!-- QC_3Payments_Refinance_Weekly_StepSame_LoanAmountEdit_Txn_Testdata -->
        <test-method status="PASS" signature="getResult(org.testng.ITestResult)[pri:0, instance:tests.QCStore@520a3426]" name="getResult" is-config="true" duration-ms="29" started-at="2020-12-09T20:54:22Z" finished-at="2020-12-09T20:54:22Z">
          <params>
            <param index="0">
              <value>
                <![CDATA[[TestResult name=QC_3Payments_Refinance_Weekly_StepSame_LoanAmountEdit_Txn_Testdata status=SUCCESS method=QCStore.QC_3Payments_Refinance_Weekly_StepSame_LoanAmountEdit_Txn_Testdata()[pri:5, instance:tests.QCStore@520a3426] output={null}]]]>
              </value>
            </param>
          </params>
          <reporter-output>
          </reporter-output>
        </test-method> <!-- getResult -->
        <test-method status="PASS" signature="endReport()[pri:0, instance:tests.QCStore@520a3426]" name="endReport" is-config="true" duration-ms="0" started-at="2020-12-09T20:54:22Z" finished-at="2020-12-09T20:54:22Z">
          <reporter-output>
          </reporter-output>
        </test-method> <!-- endReport -->
        <test-method status="PASS" signature="killProcess()[pri:0, instance:tests.QCStore@520a3426]" name="killProcess" is-config="true" duration-ms="5013" started-at="2020-12-09T20:54:22Z" finished-at="2020-12-09T20:54:27Z">
          <reporter-output>
          </reporter-output>
        </test-method> <!-- killProcess -->
        <test-method status="PASS" signature="QC_3Payments_Refinance_Weekly_StepUp_NoCash_Txn_Testdata()[pri:6, instance:tests.QCStore@520a3426]" name="QC_3Payments_Refinance_Weekly_StepUp_NoCash_Txn_Testdata" duration-ms="1761123" started-at="2020-12-09T20:54:27Z" finished-at="2020-12-09T21:23:48Z">
          <reporter-output>
          </reporter-output>
        </test-method> <!-- QC_3Payments_Refinance_Weekly_StepUp_NoCash_Txn_Testdata -->
        <test-method status="PASS" signature="getResult(org.testng.ITestResult)[pri:0, instance:tests.QCStore@520a3426]" name="getResult" is-config="true" duration-ms="32" started-at="2020-12-09T21:23:48Z" finished-at="2020-12-09T21:23:48Z">
          <params>
            <param index="0">
              <value>
                <![CDATA[[TestResult name=QC_3Payments_Refinance_Weekly_StepUp_NoCash_Txn_Testdata status=SUCCESS method=QCStore.QC_3Payments_Refinance_Weekly_StepUp_NoCash_Txn_Testdata()[pri:6, instance:tests.QCStore@520a3426] output={null}]]]>
              </value>
            </param>
          </params>
          <reporter-output>
          </reporter-output>
        </test-method> <!-- getResult -->
        <test-method status="PASS" signature="endReport()[pri:0, instance:tests.QCStore@520a3426]" name="endReport" is-config="true" duration-ms="0" started-at="2020-12-09T21:23:48Z" finished-at="2020-12-09T21:23:48Z">
          <reporter-output>
          </reporter-output>
        </test-method> <!-- endReport -->
        <test-method status="PASS" signature="killProcess()[pri:0, instance:tests.QCStore@520a3426]" name="killProcess" is-config="true" duration-ms="5009" started-at="2020-12-09T21:23:48Z" finished-at="2020-12-09T21:23:53Z">
          <reporter-output>
          </reporter-output>
        </test-method> <!-- killProcess -->
        <test-method status="PASS" signature="QC_3Payments_Refinance_BiWeekly_StepUp_Txn_Testdata()[pri:7, instance:tests.QCStore@520a3426]" name="QC_3Payments_Refinance_BiWeekly_StepUp_Txn_Testdata" duration-ms="1890798" started-at="2020-12-09T21:23:53Z" finished-at="2020-12-09T21:55:24Z">
          <reporter-output>
          </reporter-output>
        </test-method> <!-- QC_3Payments_Refinance_BiWeekly_StepUp_Txn_Testdata -->
        <test-method status="PASS" signature="getResult(org.testng.ITestResult)[pri:0, instance:tests.QCStore@520a3426]" name="getResult" is-config="true" duration-ms="35" started-at="2020-12-09T21:55:24Z" finished-at="2020-12-09T21:55:24Z">
          <params>
            <param index="0">
              <value>
                <![CDATA[[TestResult name=QC_3Payments_Refinance_BiWeekly_StepUp_Txn_Testdata status=SUCCESS method=QCStore.QC_3Payments_Refinance_BiWeekly_StepUp_Txn_Testdata()[pri:7, instance:tests.QCStore@520a3426] output={null}]]]>
              </value>
            </param>
          </params>
          <reporter-output>
          </reporter-output>
        </test-method> <!-- getResult -->
        <test-method status="PASS" signature="endReport()[pri:0, instance:tests.QCStore@520a3426]" name="endReport" is-config="true" duration-ms="0" started-at="2020-12-09T21:55:24Z" finished-at="2020-12-09T21:55:24Z">
          <reporter-output>
          </reporter-output>
        </test-method> <!-- endReport -->
        <test-method status="PASS" signature="killProcess()[pri:0, instance:tests.QCStore@520a3426]" name="killProcess" is-config="true" duration-ms="5007" started-at="2020-12-09T21:55:24Z" finished-at="2020-12-09T21:55:29Z">
          <reporter-output>
          </reporter-output>
        </test-method> <!-- killProcess -->
        <test-method status="PASS" signature="QC_3Payments_Refinance_BiWeekly_StepDown_LoanAmountEdit_Txn_Testdata()[pri:8, instance:tests.QCStore@520a3426]" name="QC_3Payments_Refinance_BiWeekly_StepDown_LoanAmountEdit_Txn_Testdata" duration-ms="1689221" started-at="2020-12-09T21:55:29Z" finished-at="2020-12-09T22:23:38Z">
          <reporter-output>
          </reporter-output>
        </test-method> <!-- QC_3Payments_Refinance_BiWeekly_StepDown_LoanAmountEdit_Txn_Testdata -->
        <test-method status="PASS" signature="endReport()[pri:0, instance:tests.QCStore@520a3426]" name="endReport" is-config="true" duration-ms="1" started-at="2020-12-09T22:23:38Z" finished-at="2020-12-09T22:23:38Z">
          <reporter-output>
          </reporter-output>
        </test-method> <!-- endReport -->
        <test-method status="PASS" signature="getResult(org.testng.ITestResult)[pri:0, instance:tests.QCStore@520a3426]" name="getResult" is-config="true" duration-ms="33" started-at="2020-12-09T22:23:38Z" finished-at="2020-12-09T22:23:38Z">
          <params>
            <param index="0">
              <value>
                <![CDATA[[TestResult name=QC_3Payments_Refinance_BiWeekly_StepDown_LoanAmountEdit_Txn_Testdata status=SUCCESS method=QCStore.QC_3Payments_Refinance_BiWeekly_StepDown_LoanAmountEdit_Txn_Testdata()[pri:8, instance:tests.QCStore@520a3426] output={null}]]]>
              </value>
            </param>
          </params>
          <reporter-output>
          </reporter-output>
        </test-method> <!-- getResult -->
        <test-method status="PASS" signature="killProcess()[pri:0, instance:tests.QCStore@520a3426]" name="killProcess" is-config="true" duration-ms="5011" started-at="2020-12-09T22:23:38Z" finished-at="2020-12-09T22:23:43Z">
          <reporter-output>
          </reporter-output>
        </test-method> <!-- killProcess -->
        <test-method status="PASS" signature="QC_3Payments_Refinance_BiWeekly_StepUp_NoCash_Txn_Testdata()[pri:9, instance:tests.QCStore@520a3426]" name="QC_3Payments_Refinance_BiWeekly_StepUp_NoCash_Txn_Testdata" duration-ms="1986408" started-at="2020-12-09T22:23:43Z" finished-at="2020-12-09T22:56:49Z">
          <reporter-output>
          </reporter-output>
        </test-method> <!-- QC_3Payments_Refinance_BiWeekly_StepUp_NoCash_Txn_Testdata -->
        <test-method status="PASS" signature="getResult(org.testng.ITestResult)[pri:0, instance:tests.QCStore@520a3426]" name="getResult" is-config="true" duration-ms="40" started-at="2020-12-09T22:56:49Z" finished-at="2020-12-09T22:56:49Z">
          <params>
            <param index="0">
              <value>
                <![CDATA[[TestResult name=QC_3Payments_Refinance_BiWeekly_StepUp_NoCash_Txn_Testdata status=SUCCESS method=QCStore.QC_3Payments_Refinance_BiWeekly_StepUp_NoCash_Txn_Testdata()[pri:9, instance:tests.QCStore@520a3426] output={null}]]]>
              </value>
            </param>
          </params>
          <reporter-output>
          </reporter-output>
        </test-method> <!-- getResult -->
        <test-method status="PASS" signature="endReport()[pri:0, instance:tests.QCStore@520a3426]" name="endReport" is-config="true" duration-ms="0" started-at="2020-12-09T22:56:49Z" finished-at="2020-12-09T22:56:49Z">
          <reporter-output>
          </reporter-output>
        </test-method> <!-- endReport -->
        <test-method status="PASS" signature="killProcess()[pri:0, instance:tests.QCStore@520a3426]" name="killProcess" is-config="true" duration-ms="5011" started-at="2020-12-09T22:56:49Z" finished-at="2020-12-09T22:56:54Z">
          <reporter-output>
          </reporter-output>
        </test-method> <!-- killProcess -->
        <test-method status="PASS" signature="QC_3Payments_Refinance_Monthly_StepUp_NoCash_Txn_Testdata()[pri:10, instance:tests.QCStore@520a3426]" name="QC_3Payments_Refinance_Monthly_StepUp_NoCash_Txn_Testdata" duration-ms="1807896" started-at="2020-12-09T22:56:54Z" finished-at="2020-12-09T23:27:02Z">
          <reporter-output>
          </reporter-output>
        </test-method> <!-- QC_3Payments_Refinance_Monthly_StepUp_NoCash_Txn_Testdata -->
        <test-method status="PASS" signature="endReport()[pri:0, instance:tests.QCStore@520a3426]" name="endReport" is-config="true" duration-ms="1" started-at="2020-12-09T23:27:02Z" finished-at="2020-12-09T23:27:02Z">
          <reporter-output>
          </reporter-output>
        </test-method> <!-- endReport -->
        <test-method status="PASS" signature="getResult(org.testng.ITestResult)[pri:0, instance:tests.QCStore@520a3426]" name="getResult" is-config="true" duration-ms="66" started-at="2020-12-09T23:27:02Z" finished-at="2020-12-09T23:27:02Z">
          <params>
            <param index="0">
              <value>
                <![CDATA[[TestResult name=QC_3Payments_Refinance_Monthly_StepUp_NoCash_Txn_Testdata status=SUCCESS method=QCStore.QC_3Payments_Refinance_Monthly_StepUp_NoCash_Txn_Testdata()[pri:10, instance:tests.QCStore@520a3426] output={null}]]]>
              </value>
            </param>
          </params>
          <reporter-output>
          </reporter-output>
        </test-method> <!-- getResult -->
        <test-method status="PASS" signature="killProcess()[pri:0, instance:tests.QCStore@520a3426]" name="killProcess" is-config="true" duration-ms="5016" started-at="2020-12-09T23:27:02Z" finished-at="2020-12-09T23:27:07Z">
          <reporter-output>
          </reporter-output>
        </test-method> <!-- killProcess -->
        <test-method status="PASS" signature="QC_3Payments_Refinance_Monthly_StepUp_Txn_Testdata()[pri:11, instance:tests.QCStore@520a3426]" name="QC_3Payments_Refinance_Monthly_StepUp_Txn_Testdata" duration-ms="1835144" started-at="2020-12-09T23:27:07Z" finished-at="2020-12-09T23:57:43Z">
          <reporter-output>
          </reporter-output>
        </test-method> <!-- QC_3Payments_Refinance_Monthly_StepUp_Txn_Testdata -->
        <test-method status="PASS" signature="endReport()[pri:0, instance:tests.QCStore@520a3426]" name="endReport" is-config="true" duration-ms="0" started-at="2020-12-09T23:57:43Z" finished-at="2020-12-09T23:57:43Z">
          <reporter-output>
          </reporter-output>
        </test-method> <!-- endReport -->
        <test-method status="PASS" signature="getResult(org.testng.ITestResult)[pri:0, instance:tests.QCStore@520a3426]" name="getResult" is-config="true" duration-ms="47" started-at="2020-12-09T23:57:43Z" finished-at="2020-12-09T23:57:43Z">
          <params>
            <param index="0">
              <value>
                <![CDATA[[TestResult name=QC_3Payments_Refinance_Monthly_StepUp_Txn_Testdata status=SUCCESS method=QCStore.QC_3Payments_Refinance_Monthly_StepUp_Txn_Testdata()[pri:11, instance:tests.QCStore@520a3426] output={null}]]]>
              </value>
            </param>
          </params>
          <reporter-output>
          </reporter-output>
        </test-method> <!-- getResult -->
        <test-method status="PASS" signature="killProcess()[pri:0, instance:tests.QCStore@520a3426]" name="killProcess" is-config="true" duration-ms="5009" started-at="2020-12-09T23:57:43Z" finished-at="2020-12-09T23:57:48Z">
          <reporter-output>
          </reporter-output>
        </test-method> <!-- killProcess -->
        <test-method status="PASS" signature="QC_3Payments_Refinance_Monthly_StepDown_LoanAmountEdit_Txn_Testdata()[pri:12, instance:tests.QCStore@520a3426]" name="QC_3Payments_Refinance_Monthly_StepDown_LoanAmountEdit_Txn_Testdata" duration-ms="1836569" started-at="2020-12-09T23:57:48Z" finished-at="2020-12-10T00:28:24Z">
          <reporter-output>
          </reporter-output>
        </test-method> <!-- QC_3Payments_Refinance_Monthly_StepDown_LoanAmountEdit_Txn_Testdata -->
        <test-method status="PASS" signature="endReport()[pri:0, instance:tests.QCStore@520a3426]" name="endReport" is-config="true" duration-ms="0" started-at="2020-12-10T00:28:24Z" finished-at="2020-12-10T00:28:24Z">
          <reporter-output>
          </reporter-output>
        </test-method> <!-- endReport -->
        <test-method status="PASS" signature="getResult(org.testng.ITestResult)[pri:0, instance:tests.QCStore@520a3426]" name="getResult" is-config="true" duration-ms="50" started-at="2020-12-10T00:28:24Z" finished-at="2020-12-10T00:28:24Z">
          <params>
            <param index="0">
              <value>
                <![CDATA[[TestResult name=QC_3Payments_Refinance_Monthly_StepDown_LoanAmountEdit_Txn_Testdata status=SUCCESS method=QCStore.QC_3Payments_Refinance_Monthly_StepDown_LoanAmountEdit_Txn_Testdata()[pri:12, instance:tests.QCStore@520a3426] output={null}]]]>
              </value>
            </param>
          </params>
          <reporter-output>
          </reporter-output>
        </test-method> <!-- getResult -->
        <test-method status="PASS" signature="killProcess()[pri:0, instance:tests.QCStore@520a3426]" name="killProcess" is-config="true" duration-ms="5017" started-at="2020-12-10T00:28:24Z" finished-at="2020-12-10T00:28:29Z">
          <reporter-output>
          </reporter-output>
        </test-method> <!-- killProcess -->
        <test-method status="PASS" signature="QC_3Payments_Refinance_Monthly_StepDown_NoCash_Txn_Testdata()[pri:13, instance:tests.QCStore@520a3426]" name="QC_3Payments_Refinance_Monthly_StepDown_NoCash_Txn_Testdata" duration-ms="1853314" started-at="2020-12-10T00:28:29Z" finished-at="2020-12-10T00:59:23Z">
          <reporter-output>
          </reporter-output>
        </test-method> <!-- QC_3Payments_Refinance_Monthly_StepDown_NoCash_Txn_Testdata -->
        <test-method status="PASS" signature="getResult(org.testng.ITestResult)[pri:0, instance:tests.QCStore@520a3426]" name="getResult" is-config="true" duration-ms="49" started-at="2020-12-10T00:59:23Z" finished-at="2020-12-10T00:59:23Z">
          <params>
            <param index="0">
              <value>
                <![CDATA[[TestResult name=QC_3Payments_Refinance_Monthly_StepDown_NoCash_Txn_Testdata status=SUCCESS method=QCStore.QC_3Payments_Refinance_Monthly_StepDown_NoCash_Txn_Testdata()[pri:13, instance:tests.QCStore@520a3426] output={null}]]]>
              </value>
            </param>
          </params>
          <reporter-output>
          </reporter-output>
        </test-method> <!-- getResult -->
        <test-method status="PASS" signature="endReport()[pri:0, instance:tests.QCStore@520a3426]" name="endReport" is-config="true" duration-ms="0" started-at="2020-12-10T00:59:23Z" finished-at="2020-12-10T00:59:23Z">
          <reporter-output>
          </reporter-output>
        </test-method> <!-- endReport -->
        <test-method status="PASS" signature="killProcess()[pri:0, instance:tests.QCStore@520a3426]" name="killProcess" is-config="true" duration-ms="5005" started-at="2020-12-10T00:59:23Z" finished-at="2020-12-10T00:59:28Z">
          <reporter-output>
          </reporter-output>
        </test-method> <!-- killProcess -->
        <test-method status="PASS" signature="QC_2Payments_Refinance_Monthly_StepUp_Txn_Testdata()[pri:14, instance:tests.QCStore@520a3426]" name="QC_2Payments_Refinance_Monthly_StepUp_Txn_Testdata" duration-ms="1589176" started-at="2020-12-10T00:59:28Z" finished-at="2020-12-10T01:25:57Z">
          <reporter-output>
          </reporter-output>
        </test-method> <!-- QC_2Payments_Refinance_Monthly_StepUp_Txn_Testdata -->
        <test-method status="PASS" signature="endReport()[pri:0, instance:tests.QCStore@520a3426]" name="endReport" is-config="true" duration-ms="0" started-at="2020-12-10T01:25:57Z" finished-at="2020-12-10T01:25:57Z">
          <reporter-output>
          </reporter-output>
        </test-method> <!-- endReport -->
        <test-method status="PASS" signature="getResult(org.testng.ITestResult)[pri:0, instance:tests.QCStore@520a3426]" name="getResult" is-config="true" duration-ms="52" started-at="2020-12-10T01:25:57Z" finished-at="2020-12-10T01:25:57Z">
          <params>
            <param index="0">
              <value>
                <![CDATA[[TestResult name=QC_2Payments_Refinance_Monthly_StepUp_Txn_Testdata status=SUCCESS method=QCStore.QC_2Payments_Refinance_Monthly_StepUp_Txn_Testdata()[pri:14, instance:tests.QCStore@520a3426] output={null}]]]>
              </value>
            </param>
          </params>
          <reporter-output>
          </reporter-output>
        </test-method> <!-- getResult -->
        <test-method status="PASS" signature="killProcess()[pri:0, instance:tests.QCStore@520a3426]" name="killProcess" is-config="true" duration-ms="5022" started-at="2020-12-10T01:25:57Z" finished-at="2020-12-10T01:26:02Z">
          <reporter-output>
          </reporter-output>
        </test-method> <!-- killProcess -->
        <test-method status="PASS" signature="QC_2Payments_Refinance_Monthly_StepDown_Txn_Testdata()[pri:15, instance:tests.QCStore@520a3426]" name="QC_2Payments_Refinance_Monthly_StepDown_Txn_Testdata" duration-ms="1636370" started-at="2020-12-10T01:26:02Z" finished-at="2020-12-10T01:53:18Z">
          <reporter-output>
          </reporter-output>
        </test-method> <!-- QC_2Payments_Refinance_Monthly_StepDown_Txn_Testdata -->
        <test-method status="PASS" signature="endReport()[pri:0, instance:tests.QCStore@520a3426]" name="endReport" is-config="true" duration-ms="1" started-at="2020-12-10T01:53:18Z" finished-at="2020-12-10T01:53:18Z">
          <reporter-output>
          </reporter-output>
        </test-method> <!-- endReport -->
        <test-method status="PASS" signature="getResult(org.testng.ITestResult)[pri:0, instance:tests.QCStore@520a3426]" name="getResult" is-config="true" duration-ms="55" started-at="2020-12-10T01:53:18Z" finished-at="2020-12-10T01:53:18Z">
          <params>
            <param index="0">
              <value>
                <![CDATA[[TestResult name=QC_2Payments_Refinance_Monthly_StepDown_Txn_Testdata status=SUCCESS method=QCStore.QC_2Payments_Refinance_Monthly_StepDown_Txn_Testdata()[pri:15, instance:tests.QCStore@520a3426] output={null}]]]>
              </value>
            </param>
          </params>
          <reporter-output>
          </reporter-output>
        </test-method> <!-- getResult -->
        <test-method status="PASS" signature="killProcess()[pri:0, instance:tests.QCStore@520a3426]" name="killProcess" is-config="true" duration-ms="5018" started-at="2020-12-10T01:53:18Z" finished-at="2020-12-10T01:53:23Z">
          <reporter-output>
          </reporter-output>
        </test-method> <!-- killProcess -->
        <test-method status="PASS" signature="QC_2Payments_Refinance_Monthly_StepSame_Txn_Testdata()[pri:16, instance:tests.QCStore@520a3426]" name="QC_2Payments_Refinance_Monthly_StepSame_Txn_Testdata" duration-ms="1783820" started-at="2020-12-10T01:53:23Z" finished-at="2020-12-10T02:23:07Z">
          <reporter-output>
          </reporter-output>
        </test-method> <!-- QC_2Payments_Refinance_Monthly_StepSame_Txn_Testdata -->
        <test-method status="PASS" signature="endReport()[pri:0, instance:tests.QCStore@520a3426]" name="endReport" is-config="true" duration-ms="1" started-at="2020-12-10T02:23:07Z" finished-at="2020-12-10T02:23:07Z">
          <reporter-output>
          </reporter-output>
        </test-method> <!-- endReport -->
        <test-method status="PASS" signature="getResult(org.testng.ITestResult)[pri:0, instance:tests.QCStore@520a3426]" name="getResult" is-config="true" duration-ms="63" started-at="2020-12-10T02:23:07Z" finished-at="2020-12-10T02:23:07Z">
          <params>
            <param index="0">
              <value>
                <![CDATA[[TestResult name=QC_2Payments_Refinance_Monthly_StepSame_Txn_Testdata status=SUCCESS method=QCStore.QC_2Payments_Refinance_Monthly_StepSame_Txn_Testdata()[pri:16, instance:tests.QCStore@520a3426] output={null}]]]>
              </value>
            </param>
          </params>
          <reporter-output>
          </reporter-output>
        </test-method> <!-- getResult -->
      </class> <!-- tests.QCStore -->
    </test> <!-- Test -->
  </suite> <!-- Suite -->
</testng-results>
