<?xml version="1.0" encoding="UTF-8"?>
<!-- Generated by org.testng.reporters.JUnitXMLReporter -->
<testsuite hostname="QTLSYS0-225" ignored="6" name="Test" tests="1" failures="0" timestamp="26 Aug 2020 13:15:40 GMT" time="148.0" errors="0">
  <testcase name="QC_ILP_Loan_PDL_Loan_Trying_To_Apply_Conversion_BySelecting_ILPLoan_Txn_Testdata" time="142.109" classname="tests.QCStore"/>
  <testcase name="QC_ILPDefault_Loan_PDLReturn_Loan_Trying_To_Apply_Conversion_BySelecting_BothLoan_Txn_Testdata" time="0.0" classname="tests.QCStore">
    <ignored/>
  </testcase> <!-- QC_ILPDefault_Loan_PDLReturn_Loan_Trying_To_Apply_Conversion_BySelecting_BothLoan_Txn_Testdata -->
  <testcase name="QC_ILP_Loan_PDL_Loan_Trying_To_Apply_Conversion_Txn_Testdata" time="0.0" classname="tests.QCStore">
    <ignored/>
  </testcase> <!-- QC_ILP_Loan_PDL_Loan_Trying_To_Apply_Conversion_Txn_Testdata -->
  <testcase name="QC_PDL_Loan_Trying_To_Apply_Conversion_Txn" time="0.0" classname="tests.QCStore">
    <ignored/>
  </testcase> <!-- QC_PDL_Loan_Trying_To_Apply_Conversion_Txn -->
  <testcase name="QC_ILP_Loan_Trying_To_Apply_Conversion_Txn" time="0.0" classname="tests.QCStore">
    <ignored/>
  </testcase> <!-- QC_ILP_Loan_Trying_To_Apply_Conversion_Txn -->
  <testcase name="QC_ILP_Loan_PDL_Loan_Trying_To_Apply_Conversion_BySelecting_PDLLoan_Txn_Testdata" time="0.0" classname="tests.QCStore">
    <ignored/>
  </testcase> <!-- QC_ILP_Loan_PDL_Loan_Trying_To_Apply_Conversion_BySelecting_PDLLoan_Txn_Testdata -->
  <testcase name="QC_ILP_Loan_2PDL_Loan_Trying_To_Apply_Conversion_BySelecting_ILPLoan_Txn_Testdata" time="0.0" classname="tests.QCStore">
    <ignored/>
  </testcase> <!-- QC_ILP_Loan_2PDL_Loan_Trying_To_Apply_Conversion_BySelecting_ILPLoan_Txn_Testdata -->
</testsuite> <!-- Test -->
