<?xml version="1.0" encoding="UTF-8"?>
<testng-results skipped="0" failed="0" ignored="27" total="28" passed="1">
  <reporter-output>
  </reporter-output>
  <suite name="Suite" duration-ms="894766" started-at="2020-12-18T05:31:19Z" finished-at="2020-12-18T05:46:14Z">
    <groups>
      <group name="Ratikanta_Online_LAPDL_Payment_1">
        <method signature="QCStore.QC_Sprint_Online_LAPDL_ACH_DC_Payment_Txn_Testdata()[pri:2, instance:tests.QCStore@5f9d02cb]" name="QC_Sprint_Online_LAPDL_ACH_DC_Payment_Txn_Testdata" class="tests.QCStore"/>
      </group> <!-- Ratikanta_Online_LAPDL_Payment_1 -->
    </groups>
    <test name="Test" duration-ms="894766" started-at="2020-12-18T05:31:19Z" finished-at="2020-12-18T05:46:14Z">
      <class name="tests.QCStore">
        <test-method status="PASS" signature="setup()[pri:0, instance:tests.QCStore@5f9d02cb]" name="setup" is-config="true" duration-ms="10219" started-at="2020-12-18T05:31:19Z" finished-at="2020-12-18T05:31:29Z">
          <reporter-output>
          </reporter-output>
        </test-method> <!-- setup -->
        <test-method status="PASS" signature="killProcess()[pri:0, instance:tests.QCStore@5f9d02cb]" name="killProcess" is-config="true" duration-ms="5012" started-at="2020-12-18T05:31:29Z" finished-at="2020-12-18T05:31:34Z">
          <reporter-output>
          </reporter-output>
        </test-method> <!-- killProcess -->
        <test-method status="PASS" signature="QC_Sprint_Online_LAPDL_ACH_DC_Payment_Txn_Testdata()[pri:2, instance:tests.QCStore@5f9d02cb]" name="QC_Sprint_Online_LAPDL_ACH_DC_Payment_Txn_Testdata" duration-ms="878629" started-at="2020-12-18T05:31:34Z" finished-at="2020-12-18T05:46:13Z">
          <reporter-output>
          </reporter-output>
        </test-method> <!-- QC_Sprint_Online_LAPDL_ACH_DC_Payment_Txn_Testdata -->
        <test-method status="PASS" signature="endReport()[pri:0, instance:tests.QCStore@5f9d02cb]" name="endReport" is-config="true" duration-ms="0" started-at="2020-12-18T05:46:13Z" finished-at="2020-12-18T05:46:13Z">
          <reporter-output>
          </reporter-output>
        </test-method> <!-- endReport -->
        <test-method status="PASS" signature="getResult(org.testng.ITestResult)[pri:0, instance:tests.QCStore@5f9d02cb]" name="getResult" is-config="true" duration-ms="872" started-at="2020-12-18T05:46:13Z" finished-at="2020-12-18T05:46:14Z">
          <params>
            <param index="0">
              <value>
                <![CDATA[[TestResult name=QC_Sprint_Online_LAPDL_ACH_DC_Payment_Txn_Testdata status=SUCCESS method=QCStore.QC_Sprint_Online_LAPDL_ACH_DC_Payment_Txn_Testdata()[pri:2, instance:tests.QCStore@5f9d02cb] output={null}]]]>
              </value>
            </param>
          </params>
          <reporter-output>
          </reporter-output>
        </test-method> <!-- getResult -->
      </class> <!-- tests.QCStore -->
    </test> <!-- Test -->
  </suite> <!-- Suite -->
</testng-results>
