<?xml version="1.0" encoding="UTF-8"?>
<!-- Generated by org.testng.reporters.JUnitXMLReporter -->
<testsuite hostname="QTLSYS0-225" ignored="70" name="Test" tests="25" failures="0" timestamp="10 Dec 2020 15:28:54 GMT" time="12239.856" errors="0">
  <testcase name="QC_Sprint_B20_178_1_Txn_Testdata" time="506.911" classname="tests.QCStore"/>
  <testcase name="QC_Sprint_B20_178_2_Txn_Testdata" time="445.519" classname="tests.QCStore"/>
  <testcase name="QC_Sprint_B20_178_3_Txn_Testdata" time="404.543" classname="tests.QCStore"/>
  <testcase name="QC_Sprint_B20_178_5_Txn_Testdata" time="330.939" classname="tests.QCStore"/>
  <testcase name="QC_Sprint_B20_179_1_Txn_Testdata" time="634.006" classname="tests.QCStore"/>
  <testcase name="QC_Sprint_B20_179_2_Txn_Testdata" time="461.258" classname="tests.QCStore"/>
  <testcase name="QC_Sprint_B20_179_6_Txn_Testdata" time="477.204" classname="tests.QCStore"/>
  <testcase name="QC_Sprint_B20_180_1_Txn_Testdata" time="614.265" classname="tests.QCStore"/>
  <testcase name="QC_Sprint_B20_180_2_Txn_Testdata" time="575.381" classname="tests.QCStore"/>
  <testcase name="QC_Sprint_B20_180_3_Txn_Testdata" time="488.43" classname="tests.QCStore"/>
  <testcase name="QC_Sprint_B20_180_6_Txn_Testdata" time="500.681" classname="tests.QCStore"/>
  <testcase name="QC_Sprint_B20_181_1_Txn_Testdata" time="496.161" classname="tests.QCStore"/>
  <testcase name="QC_Sprint_B20_181_2_Txn_Testdata" time="623.572" classname="tests.QCStore"/>
  <testcase name="QC_Sprint_B20_181_3_Txn_Testdata" time="408.591" classname="tests.QCStore"/>
  <testcase name="QC_Sprint_B20_181_7_Txn_Testdata" time="535.716" classname="tests.QCStore"/>
  <testcase name="QC_Sprint_B20_182_1_Txn_Testdata" time="503.1" classname="tests.QCStore"/>
  <testcase name="QC_Sprint_B20_182_2_Txn_Testdata" time="360.65" classname="tests.QCStore"/>
  <testcase name="QC_Sprint_B20_182_6_Txn_Testdata" time="511.272" classname="tests.QCStore"/>
  <testcase name="QC_Sprint_B20_183_1_Txn_Testdata" time="415.846" classname="tests.QCStore"/>
  <testcase name="QC_Sprint_B20_183_2_Txn_Testdata" time="348.034" classname="tests.QCStore"/>
  <testcase name="QC_Sprint_B20_183_6_Txn_Testdata" time="402.964" classname="tests.QCStore"/>
  <testcase name="QC_Sprint_B20_184_1_Txn_Testdata" time="597.049" classname="tests.QCStore"/>
  <testcase name="QC_Sprint_B20_184_2_Txn_Testdata" time="434.074" classname="tests.QCStore"/>
  <testcase name="QC_Sprint_B20_184_4_Txn_Testdata" time="483.427" classname="tests.QCStore"/>
  <testcase name="QC_Sprint_B20_184_5_Txn_Testdata" time="540.233" classname="tests.QCStore"/>
  <testcase name="QC_Sprint2_QF_601_TS_182_Txn_Testdata" time="0.0" classname="tests.QCStore">
    <ignored/>
  </testcase> <!-- QC_Sprint2_QF_601_TS_182_Txn_Testdata -->
  <testcase name="QC_Sprint_B20_153_1_Txn_Testdata" time="0.0" classname="tests.QCStore">
    <ignored/>
  </testcase> <!-- QC_Sprint_B20_153_1_Txn_Testdata -->
  <testcase name="QC_Sprint2_QF_601_TS_180_Txn_Testdata" time="0.0" classname="tests.QCStore">
    <ignored/>
  </testcase> <!-- QC_Sprint2_QF_601_TS_180_Txn_Testdata -->
  <testcase name="QC_Sprint_B20_154_13_Txn_Testdata" time="0.0" classname="tests.QCStore">
    <ignored/>
  </testcase> <!-- QC_Sprint_B20_154_13_Txn_Testdata -->
  <testcase name="QC_Sprint2_QF_601_TS_184_Txn_Testdata" time="0.0" classname="tests.QCStore">
    <ignored/>
  </testcase> <!-- QC_Sprint2_QF_601_TS_184_Txn_Testdata -->
  <testcase name="QC_Sprint2_QF_601_TS_212_Txn_Testdata" time="0.0" classname="tests.QCStore">
    <ignored/>
  </testcase> <!-- QC_Sprint2_QF_601_TS_212_Txn_Testdata -->
  <testcase name="QC_Sprint_B20_154_11_Txn_Testdata" time="0.0" classname="tests.QCStore">
    <ignored/>
  </testcase> <!-- QC_Sprint_B20_154_11_Txn_Testdata -->
  <testcase name="QC_Sprint_B20_152_4_Txn_Testdata" time="0.0" classname="tests.QCStore">
    <ignored/>
  </testcase> <!-- QC_Sprint_B20_152_4_Txn_Testdata -->
  <testcase name="QC_Sprint_B20_151_7_Txn_Testdata" time="0.0" classname="tests.QCStore">
    <ignored/>
  </testcase> <!-- QC_Sprint_B20_151_7_Txn_Testdata -->
  <testcase name="QC_Sprint2_QF_601_TS_198_Txn_Testdata" time="0.0" classname="tests.QCStore">
    <ignored/>
  </testcase> <!-- QC_Sprint2_QF_601_TS_198_Txn_Testdata -->
  <testcase name="QC_Sprint_B20_151_5_Txn_Testdata" time="0.0" classname="tests.QCStore">
    <ignored/>
  </testcase> <!-- QC_Sprint_B20_151_5_Txn_Testdata -->
  <testcase name="QC_Sprint2_QF_601_TS_216_Txn_Testdata" time="0.0" classname="tests.QCStore">
    <ignored/>
  </testcase> <!-- QC_Sprint2_QF_601_TS_216_Txn_Testdata -->
  <testcase name="QC_Sprint_B20_152_2_Txn_Testdata" time="0.0" classname="tests.QCStore">
    <ignored/>
  </testcase> <!-- QC_Sprint_B20_152_2_Txn_Testdata -->
  <testcase name="QC_Sprint_B20_154_8_Txn_Testdata" time="0.0" classname="tests.QCStore">
    <ignored/>
  </testcase> <!-- QC_Sprint_B20_154_8_Txn_Testdata -->
  <testcase name="QC_Sprint2_QF_601_TS_126_Txn_Testdata" time="0.0" classname="tests.QCStore">
    <ignored/>
  </testcase> <!-- QC_Sprint2_QF_601_TS_126_Txn_Testdata -->
  <testcase name="QC_Sprint2_QF_601_TS_194_Txn_Testdata" time="0.0" classname="tests.QCStore">
    <ignored/>
  </testcase> <!-- QC_Sprint2_QF_601_TS_194_Txn_Testdata -->
  <testcase name="QC_Sprint_B20_151_3_Txn_Testdata" time="0.0" classname="tests.QCStore">
    <ignored/>
  </testcase> <!-- QC_Sprint_B20_151_3_Txn_Testdata -->
  <testcase name="QC_Sprint2_QF_601_TS_196_Txn_Testdata" time="0.0" classname="tests.QCStore">
    <ignored/>
  </testcase> <!-- QC_Sprint2_QF_601_TS_196_Txn_Testdata -->
  <testcase name="QC_Sprint2_QF_601_TS_200_Txn_Testdata" time="0.0" classname="tests.QCStore">
    <ignored/>
  </testcase> <!-- QC_Sprint2_QF_601_TS_200_Txn_Testdata -->
  <testcase name="QC_Sprint2_QF_601_TS_098_Txn_Testdata" time="0.0" classname="tests.QCStore">
    <ignored/>
  </testcase> <!-- QC_Sprint2_QF_601_TS_098_Txn_Testdata -->
  <testcase name="QC_Sprint_B20_154_9_Txn_Testdata" time="0.0" classname="tests.QCStore">
    <ignored/>
  </testcase> <!-- QC_Sprint_B20_154_9_Txn_Testdata -->
  <testcase name="QC_Sprint2_QF_601_TS_179_Txn_Testdata" time="0.0" classname="tests.QCStore">
    <ignored/>
  </testcase> <!-- QC_Sprint2_QF_601_TS_179_Txn_Testdata -->
  <testcase name="QC_Sprint_B20_151_1_Txn_Testdata" time="0.0" classname="tests.QCStore">
    <ignored/>
  </testcase> <!-- QC_Sprint_B20_151_1_Txn_Testdata -->
  <testcase name="QC_Sprint2_QF_601_TS_192_Txn_Testdata" time="0.0" classname="tests.QCStore">
    <ignored/>
  </testcase> <!-- QC_Sprint2_QF_601_TS_192_Txn_Testdata -->
  <testcase name="QC_Sprint2_QF_601_TS_191_Txn_Testdata" time="0.0" classname="tests.QCStore">
    <ignored/>
  </testcase> <!-- QC_Sprint2_QF_601_TS_191_Txn_Testdata -->
  <testcase name="QC_Sprint2_QF_601_TS_190_Txn_Testdata" time="0.0" classname="tests.QCStore">
    <ignored/>
  </testcase> <!-- QC_Sprint2_QF_601_TS_190_Txn_Testdata -->
  <testcase name="QC_Sprint2_QF_601_TS_226_Txn_Testdata" time="0.0" classname="tests.QCStore">
    <ignored/>
  </testcase> <!-- QC_Sprint2_QF_601_TS_226_Txn_Testdata -->
  <testcase name="QC_Sprint2_QF_601_TS_211_Txn_Testdata" time="0.0" classname="tests.QCStore">
    <ignored/>
  </testcase> <!-- QC_Sprint2_QF_601_TS_211_Txn_Testdata -->
  <testcase name="QC_Sprint2_QF_601_TS_210_Txn_Testdata" time="0.0" classname="tests.QCStore">
    <ignored/>
  </testcase> <!-- QC_Sprint2_QF_601_TS_210_Txn_Testdata -->
  <testcase name="QC_Sprint2_QF_601_TS_183_Txn_Testdata" time="0.0" classname="tests.QCStore">
    <ignored/>
  </testcase> <!-- QC_Sprint2_QF_601_TS_183_Txn_Testdata -->
  <testcase name="QC_Sprint_B20_152_3_Txn_Testdata" time="0.0" classname="tests.QCStore">
    <ignored/>
  </testcase> <!-- QC_Sprint_B20_152_3_Txn_Testdata -->
  <testcase name="QC_Sprint_B20_153_2_Txn_Testdata" time="0.0" classname="tests.QCStore">
    <ignored/>
  </testcase> <!-- QC_Sprint_B20_153_2_Txn_Testdata -->
  <testcase name="QC_Sprint2_QF_601_TS_215_Txn_Testdata" time="0.0" classname="tests.QCStore">
    <ignored/>
  </testcase> <!-- QC_Sprint2_QF_601_TS_215_Txn_Testdata -->
  <testcase name="QC_Sprint_B20_154_10_Txn_Testdata" time="0.0" classname="tests.QCStore">
    <ignored/>
  </testcase> <!-- QC_Sprint_B20_154_10_Txn_Testdata -->
  <testcase name="QC_Sprint2_QF_601_TS_195_Txn_Testdata" time="0.0" classname="tests.QCStore">
    <ignored/>
  </testcase> <!-- QC_Sprint2_QF_601_TS_195_Txn_Testdata -->
  <testcase name="QC_Sprint_B20_151_4_Txn_Testdata" time="0.0" classname="tests.QCStore">
    <ignored/>
  </testcase> <!-- QC_Sprint_B20_151_4_Txn_Testdata -->
  <testcase name="QC_Sprint_B20_154_7_Txn_Testdata" time="0.0" classname="tests.QCStore">
    <ignored/>
  </testcase> <!-- QC_Sprint_B20_154_7_Txn_Testdata -->
  <testcase name="QC_Sprint_B20_151_6_Txn_Testdata" time="0.0" classname="tests.QCStore">
    <ignored/>
  </testcase> <!-- QC_Sprint_B20_151_6_Txn_Testdata -->
  <testcase name="QC_Sprint2_QF_601_TS_102_Txn_Testdata" time="0.0" classname="tests.QCStore">
    <ignored/>
  </testcase> <!-- QC_Sprint2_QF_601_TS_102_Txn_Testdata -->
  <testcase name="QC_Sprint_B20_152_1_Txn_Testdata" time="0.0" classname="tests.QCStore">
    <ignored/>
  </testcase> <!-- QC_Sprint_B20_152_1_Txn_Testdata -->
  <testcase name="QC_Sprint2_QF_601_TS_199_Txn_Testdata" time="0.0" classname="tests.QCStore">
    <ignored/>
  </testcase> <!-- QC_Sprint2_QF_601_TS_199_Txn_Testdata -->
  <testcase name="QC_Sprint_B20_151_2_Txn_Testdata" time="0.0" classname="tests.QCStore">
    <ignored/>
  </testcase> <!-- QC_Sprint_B20_151_2_Txn_Testdata -->
  <testcase name="QC_Sprint2_QF_601_TS_203_Txn_Testdata" time="0.0" classname="tests.QCStore">
    <ignored/>
  </testcase> <!-- QC_Sprint2_QF_601_TS_203_Txn_Testdata -->
  <testcase name="QC_Sprint2_QF_601_TS_178_Txn_Testdata" time="0.0" classname="tests.QCStore">
    <ignored/>
  </testcase> <!-- QC_Sprint2_QF_601_TS_178_Txn_Testdata -->
  <testcase name="QC_Sprint2_QF_601_TS_174_Txn_Testdata" time="0.0" classname="tests.QCStore">
    <ignored/>
  </testcase> <!-- QC_Sprint2_QF_601_TS_174_Txn_Testdata -->
  <testcase name="QC_Sprint2_QF_601_TS_176_Txn_Testdata" time="0.0" classname="tests.QCStore">
    <ignored/>
  </testcase> <!-- QC_Sprint2_QF_601_TS_176_Txn_Testdata -->
  <testcase name="QC_Sprint2_QF_601_TS_175_Txn_Testdata" time="0.0" classname="tests.QCStore">
    <ignored/>
  </testcase> <!-- QC_Sprint2_QF_601_TS_175_Txn_Testdata -->
  <testcase name="QC_Sprint2_QF_601_TS_202_Txn_Testdata" time="0.0" classname="tests.QCStore">
    <ignored/>
  </testcase> <!-- QC_Sprint2_QF_601_TS_202_Txn_Testdata -->
  <testcase name="QC_Sprint2_QF_601_TS_122_Txn_Testdata" time="0.0" classname="tests.QCStore">
    <ignored/>
  </testcase> <!-- QC_Sprint2_QF_601_TS_122_Txn_Testdata -->
  <testcase name="QC_Sprint2_QF_601_TS_170_Txn_Testdata" time="0.0" classname="tests.QCStore">
    <ignored/>
  </testcase> <!-- QC_Sprint2_QF_601_TS_170_Txn_Testdata -->
  <testcase name="QC_Sprint2_QF_601_TS_206_Txn_Testdata" time="0.0" classname="tests.QCStore">
    <ignored/>
  </testcase> <!-- QC_Sprint2_QF_601_TS_206_Txn_Testdata -->
  <testcase name="QC_Sprint2_QF_601_TS_171_Txn_Testdata" time="0.0" classname="tests.QCStore">
    <ignored/>
  </testcase> <!-- QC_Sprint2_QF_601_TS_171_Txn_Testdata -->
  <testcase name="QC_Sprint2_QF_601_TS_204_Txn_Testdata" time="0.0" classname="tests.QCStore">
    <ignored/>
  </testcase> <!-- QC_Sprint2_QF_601_TS_204_Txn_Testdata -->
  <testcase name="QC_Sprint2_QF_601_TS_172_Txn_Testdata" time="0.0" classname="tests.QCStore">
    <ignored/>
  </testcase> <!-- QC_Sprint2_QF_601_TS_172_Txn_Testdata -->
  <testcase name="QC_Sprint2_QF_601_TS_207_Txn_Testdata" time="0.0" classname="tests.QCStore">
    <ignored/>
  </testcase> <!-- QC_Sprint2_QF_601_TS_207_Txn_Testdata -->
  <testcase name="QC_Sprint_B20_154_16_Txn_Testdata" time="0.0" classname="tests.QCStore">
    <ignored/>
  </testcase> <!-- QC_Sprint_B20_154_16_Txn_Testdata -->
  <testcase name="QC_Sprint2_QF_601_TS_214_Txn_Testdata" time="0.0" classname="tests.QCStore">
    <ignored/>
  </testcase> <!-- QC_Sprint2_QF_601_TS_214_Txn_Testdata -->
  <testcase name="QC_Sprint_B20_154_18_Txn_Testdata" time="0.0" classname="tests.QCStore">
    <ignored/>
  </testcase> <!-- QC_Sprint_B20_154_18_Txn_Testdata -->
  <testcase name="QC_Sprint_B20_154_2_Txn_Testdata" time="0.0" classname="tests.QCStore">
    <ignored/>
  </testcase> <!-- QC_Sprint_B20_154_2_Txn_Testdata -->
  <testcase name="QC_Sprint2_QF_601_TS_208_Txn_Testdata" time="0.0" classname="tests.QCStore">
    <ignored/>
  </testcase> <!-- QC_Sprint2_QF_601_TS_208_Txn_Testdata -->
  <testcase name="QC_Sprint_B20_153_5_Txn_Testdata" time="0.0" classname="tests.QCStore">
    <ignored/>
  </testcase> <!-- QC_Sprint_B20_153_5_Txn_Testdata -->
  <testcase name="QC_Sprint2_QF_601_TS_187_Txn_Testdata" time="0.0" classname="tests.QCStore">
    <ignored/>
  </testcase> <!-- QC_Sprint2_QF_601_TS_187_Txn_Testdata -->
  <testcase name="QC_Sprint_B20_154_14_Txn_Testdata" time="0.0" classname="tests.QCStore">
    <ignored/>
  </testcase> <!-- QC_Sprint_B20_154_14_Txn_Testdata -->
  <testcase name="QC_Sprint_B20_153_3_Txn_Testdata" time="0.0" classname="tests.QCStore">
    <ignored/>
  </testcase> <!-- QC_Sprint_B20_153_3_Txn_Testdata -->
  <testcase name="QC_Sprint_B20_154_15_Txn_Testdata" time="0.0" classname="tests.QCStore">
    <ignored/>
  </testcase> <!-- QC_Sprint_B20_154_15_Txn_Testdata -->
  <testcase name="QC_Sprint2_QF_601_TS_186_Txn_Testdata" time="0.0" classname="tests.QCStore">
    <ignored/>
  </testcase> <!-- QC_Sprint2_QF_601_TS_186_Txn_Testdata -->
  <testcase name="QC_Sprint_B20_154_17_Txn_Testdata" time="0.0" classname="tests.QCStore">
    <ignored/>
  </testcase> <!-- QC_Sprint_B20_154_17_Txn_Testdata -->
  <testcase name="QC_Sprint2_QF_601_TS_188_Txn_Testdata" time="0.0" classname="tests.QCStore">
    <ignored/>
  </testcase> <!-- QC_Sprint2_QF_601_TS_188_Txn_Testdata -->
  <testcase name="QC_Sprint_B20_154_1_Txn_Testdata" time="0.0" classname="tests.QCStore">
    <ignored/>
  </testcase> <!-- QC_Sprint_B20_154_1_Txn_Testdata -->
  <testcase name="QC_Sprint_B20_153_6_Txn_Testdata" time="0.0" classname="tests.QCStore">
    <ignored/>
  </testcase> <!-- QC_Sprint_B20_153_6_Txn_Testdata -->
</testsuite> <!-- Test -->
