<?xml version="1.0" encoding="UTF-8"?>
<testng-results skipped="0" failed="0" ignored="0" total="1" passed="1">
  <reporter-output>
  </reporter-output>
  <suite name="Default suite" duration-ms="176175" started-at="2020-02-12T09:33:59Z" finished-at="2020-02-12T09:36:55Z">
    <groups>
    </groups>
    <test name="Default test" duration-ms="176175" started-at="2020-02-12T09:33:59Z" finished-at="2020-02-12T09:36:55Z">
      <class name="tests.LendNation">
        <test-method status="PASS" signature="setup()[pri:0, instance:tests.LendNation@21213b92]" name="setup" is-config="true" duration-ms="3716" started-at="2020-02-12T09:33:59Z" finished-at="2020-02-12T09:34:02Z">
          <reporter-output>
          </reporter-output>
        </test-method> <!-- setup -->
        <test-method status="PASS" signature="QC_Accounting_OnlineAdvance_LateFee_Deposit_Txn_Testdata()[pri:5, instance:tests.LendNation@21213b92]" name="QC_Accounting_OnlineAdvance_LateFee_Deposit_Txn_Testdata" duration-ms="172269" started-at="2020-02-12T09:34:02Z" finished-at="2020-02-12T09:36:55Z">
          <reporter-output>
          </reporter-output>
        </test-method> <!-- QC_Accounting_OnlineAdvance_LateFee_Deposit_Txn_Testdata -->
        <test-method status="PASS" signature="endReport()[pri:0, instance:tests.LendNation@21213b92]" name="endReport" is-config="true" duration-ms="184" started-at="2020-02-12T09:36:55Z" finished-at="2020-02-12T09:36:55Z">
          <reporter-output>
          </reporter-output>
        </test-method> <!-- endReport -->
        <test-method status="PASS" signature="getResult(org.testng.ITestResult)[pri:0, instance:tests.LendNation@21213b92]" name="getResult" is-config="true" duration-ms="0" started-at="2020-02-12T09:36:55Z" finished-at="2020-02-12T09:36:55Z">
          <params>
            <param index="0">
              <value>
                <![CDATA[[TestResult name=QC_Accounting_OnlineAdvance_LateFee_Deposit_Txn_Testdata status=SUCCESS method=LendNation.QC_Accounting_OnlineAdvance_LateFee_Deposit_Txn_Testdata()[pri:5, instance:tests.LendNation@21213b92] output={null}]]]>
              </value>
            </param>
          </params>
          <reporter-output>
          </reporter-output>
        </test-method> <!-- getResult -->
      </class> <!-- tests.LendNation -->
    </test> <!-- Default test -->
  </suite> <!-- Default suite -->
</testng-results>
