<?xml version="1.0" encoding="UTF-8"?>
<!-- Generated by org.testng.reporters.JUnitXMLReporter -->
<testsuite hostname="QTLSYS0-225" ignored="23" name="Test" tests="1" failures="0" timestamp="10 Dec 2020 05:09:41 GMT" time="867.037" errors="0">
  <testcase name="QC_LAPDL_DCDeposit_Return_Redeposit_Txn_Testdata" time="861.208" classname="tests.QCStore"/>
  <testcase name="QC_Accounting_Deposit_Return_NSFPayment_WithWaive1_Txn_Testdata" time="0.0" classname="tests.QCStore">
    <ignored/>
  </testcase> <!-- QC_Accounting_Deposit_Return_NSFPayment_WithWaive1_Txn_Testdata -->
  <testcase name="QC_Accounting_Deposit_Return_NSFPayment_WithWaive_Txn_Testdata" time="0.0" classname="tests.QCStore">
    <ignored/>
  </testcase> <!-- QC_Accounting_Deposit_Return_NSFPayment_WithWaive_Txn_Testdata -->
  <testcase name="QC_PDL_Loan_DCDeposit_Return_NSFPayment_Full_Redeposit_Return_Txn_Testdata" time="0.0" classname="tests.QCStore">
    <ignored/>
  </testcase> <!-- QC_PDL_Loan_DCDeposit_Return_NSFPayment_Full_Redeposit_Return_Txn_Testdata -->
  <testcase name="QC_NVPDL_Deposit_Return_Payment_Deposit_Return_ReturnPaymentStore_Txn_Testdata" time="0.0" classname="tests.QCStore">
    <ignored/>
  </testcase> <!-- QC_NVPDL_Deposit_Return_Payment_Deposit_Return_ReturnPaymentStore_Txn_Testdata -->
  <testcase name="QC_NVPDL_Deposit_Return_Payment_Deposit_Return_ReturnPaymentFullStore_Txn_Testdata" time="0.0" classname="tests.QCStore">
    <ignored/>
  </testcase> <!-- QC_NVPDL_Deposit_Return_Payment_Deposit_Return_ReturnPaymentFullStore_Txn_Testdata -->
  <testcase name="QC_LOC_SignatureLoan_Default_Refinance_StepUp_Txn_Testdata" time="0.0" classname="tests.QCStore">
    <ignored/>
  </testcase> <!-- QC_LOC_SignatureLoan_Default_Refinance_StepUp_Txn_Testdata -->
  <testcase name="QC_LOC_Payment_Default_Repo_Refinance_Txn_Testdata" time="0.0" classname="tests.QCStore">
    <ignored/>
  </testcase> <!-- QC_LOC_Payment_Default_Repo_Refinance_Txn_Testdata -->
  <testcase name="QC_LOC_SignatureLoan_Runtwostatements_WaiveFee_CheckWaiveFeein2997Store_Txn_Testdata" time="0.0" classname="tests.QCStore">
    <ignored/>
  </testcase> <!-- QC_LOC_SignatureLoan_Runtwostatements_WaiveFee_CheckWaiveFeein2997Store_Txn_Testdata -->
  <testcase name="QC_LOC_SignatureLoan_Default_Refinance_StepSame_Txn_Testdata" time="0.0" classname="tests.QCStore">
    <ignored/>
  </testcase> <!-- QC_LOC_SignatureLoan_Default_Refinance_StepSame_Txn_Testdata -->
  <testcase name="QC_LOC_SignatureLoan_Default_Refinance_StepSame_WaiveFee_Txn_Testdata" time="0.0" classname="tests.QCStore">
    <ignored/>
  </testcase> <!-- QC_LOC_SignatureLoan_Default_Refinance_StepSame_WaiveFee_Txn_Testdata -->
  <testcase name="QC_Payment_Payment2_BuyBack_ChargeBack_Txn_Testdata" time="0.0" classname="tests.QCStore">
    <ignored/>
  </testcase> <!-- QC_Payment_Payment2_BuyBack_ChargeBack_Txn_Testdata -->
  <testcase name="QC_NVTLP_LoanWithNOC_Default_EPP_PaymentWithDC_Txn_Testdata" time="0.0" classname="tests.QCStore">
    <ignored/>
  </testcase> <!-- QC_NVTLP_LoanWithNOC_Default_EPP_PaymentWithDC_Txn_Testdata -->
  <testcase name="QC_LOC_Payment_Default_Repo_RefinanceWithDisb_Txn_Testdata" time="0.0" classname="tests.QCStore">
    <ignored/>
  </testcase> <!-- QC_LOC_Payment_Default_Repo_RefinanceWithDisb_Txn_Testdata -->
  <testcase name="QC_NVTLP_LoanWithNOC_Default_EPP_PaymentWithDC_Void_Txn_Testdata" time="0.0" classname="tests.QCStore">
    <ignored/>
  </testcase> <!-- QC_NVTLP_LoanWithNOC_Default_EPP_PaymentWithDC_Void_Txn_Testdata -->
  <testcase name="QC_LOC_SignatureLoan_WaiveFeeFull_Default_Refinance_Txn_Testdata" time="0.0" classname="tests.QCStore">
    <ignored/>
  </testcase> <!-- QC_LOC_SignatureLoan_WaiveFeeFull_Default_Refinance_Txn_Testdata -->
  <testcase name="QC_Accounting_Deposit_Return_NSFPayment_WithoutWaive_Void_Txn_Testdata" time="0.0" classname="tests.QCStore">
    <ignored/>
  </testcase> <!-- QC_Accounting_Deposit_Return_NSFPayment_WithoutWaive_Void_Txn_Testdata -->
  <testcase name="QC_LOC_Default_Repo_Refinance_Txn_Testdata" time="0.0" classname="tests.QCStore">
    <ignored/>
  </testcase> <!-- QC_LOC_Default_Repo_Refinance_Txn_Testdata -->
  <testcase name="QC_Default_Refinance_Void_Txn_Testdata" time="0.0" classname="tests.QCStore">
    <ignored/>
  </testcase> <!-- QC_Default_Refinance_Void_Txn_Testdata -->
  <testcase name="QC_Accounting_TexasPDL_Loan_Txn_Testdata" time="0.0" classname="tests.QCStore">
    <ignored/>
  </testcase> <!-- QC_Accounting_TexasPDL_Loan_Txn_Testdata -->
  <testcase name="QC_PDL_Loan_DCDeposit_Return_NSFPayment_Less_Redeposit_Return_Txn_Testdata" time="0.0" classname="tests.QCStore">
    <ignored/>
  </testcase> <!-- QC_PDL_Loan_DCDeposit_Return_NSFPayment_Less_Redeposit_Return_Txn_Testdata -->
  <testcase name="QC_LOC_Payment_Default_DefaultPayment_Repo_RefinanceWithDisb_Txn_Testdata" time="0.0" classname="tests.QCStore">
    <ignored/>
  </testcase> <!-- QC_LOC_Payment_Default_DefaultPayment_Repo_RefinanceWithDisb_Txn_Testdata -->
  <testcase name="QC_PDL_Loan_BuyBack_Txn_Testdata" time="0.0" classname="tests.QCStore">
    <ignored/>
  </testcase> <!-- QC_PDL_Loan_BuyBack_Txn_Testdata -->
  <testcase name="QC_LOC_SignatureLoan_WaiveFeePartial_Default_Refinance_Txn_Testdata" time="0.0" classname="tests.QCStore">
    <ignored/>
  </testcase> <!-- QC_LOC_SignatureLoan_WaiveFeePartial_Default_Refinance_Txn_Testdata -->
</testsuite> <!-- Test -->
