<?xml version="1.0" encoding="UTF-8"?>
<testng-results skipped="0" failed="0" ignored="35" total="36" passed="1">
  <reporter-output>
  </reporter-output>
  <suite name="Suite" duration-ms="860781" started-at="2020-12-17T09:47:21Z" finished-at="2020-12-17T10:01:42Z">
    <groups>
      <group name="Ratikanta_Online_NMILP_Payment_1">
        <method signature="QCStore.QC_Online_NMILP_DC_ACH_Payment_Txn_Testdata()[pri:2, instance:tests.QCStore@459e9125]" name="QC_Online_NMILP_DC_ACH_Payment_Txn_Testdata" class="tests.QCStore"/>
      </group> <!-- Ratikanta_Online_NMILP_Payment_1 -->
    </groups>
    <test name="Test" duration-ms="860781" started-at="2020-12-17T09:47:21Z" finished-at="2020-12-17T10:01:42Z">
      <class name="tests.QCStore">
        <test-method status="PASS" signature="setup()[pri:0, instance:tests.QCStore@459e9125]" name="setup" is-config="true" duration-ms="10219" started-at="2020-12-17T09:47:21Z" finished-at="2020-12-17T09:47:31Z">
          <reporter-output>
          </reporter-output>
        </test-method> <!-- setup -->
        <test-method status="PASS" signature="killProcess()[pri:0, instance:tests.QCStore@459e9125]" name="killProcess" is-config="true" duration-ms="5001" started-at="2020-12-17T09:47:31Z" finished-at="2020-12-17T09:47:36Z">
          <reporter-output>
          </reporter-output>
        </test-method> <!-- killProcess -->
        <test-method status="PASS" signature="QC_Online_NMILP_DC_ACH_Payment_Txn_Testdata()[pri:2, instance:tests.QCStore@459e9125]" name="QC_Online_NMILP_DC_ACH_Payment_Txn_Testdata" duration-ms="844656" started-at="2020-12-17T09:47:36Z" finished-at="2020-12-17T10:01:41Z">
          <reporter-output>
          </reporter-output>
        </test-method> <!-- QC_Online_NMILP_DC_ACH_Payment_Txn_Testdata -->
        <test-method status="PASS" signature="getResult(org.testng.ITestResult)[pri:0, instance:tests.QCStore@459e9125]" name="getResult" is-config="true" duration-ms="875" started-at="2020-12-17T10:01:41Z" finished-at="2020-12-17T10:01:42Z">
          <params>
            <param index="0">
              <value>
                <![CDATA[[TestResult name=QC_Online_NMILP_DC_ACH_Payment_Txn_Testdata status=SUCCESS method=QCStore.QC_Online_NMILP_DC_ACH_Payment_Txn_Testdata()[pri:2, instance:tests.QCStore@459e9125] output={null}]]]>
              </value>
            </param>
          </params>
          <reporter-output>
          </reporter-output>
        </test-method> <!-- getResult -->
        <test-method status="PASS" signature="endReport()[pri:0, instance:tests.QCStore@459e9125]" name="endReport" is-config="true" duration-ms="0" started-at="2020-12-17T10:01:41Z" finished-at="2020-12-17T10:01:41Z">
          <reporter-output>
          </reporter-output>
        </test-method> <!-- endReport -->
      </class> <!-- tests.QCStore -->
    </test> <!-- Test -->
  </suite> <!-- Suite -->
</testng-results>
